---------------------------------------------------------------

[2020-05-08T15:09:11+08:00] 127.0.0.1 GET 127.0.0.1:7788/public/record
[ info ] 日志测试
---------------------------------------------------------------

[2020-05-08T15:12:26+08:00] 127.0.0.1 GET 127.0.0.1:7788/public/record
[ error ] 日志测试
---------------------------------------------------------------

[2020-05-08T15:13:30+08:00] 127.0.0.1 GET 127.0.0.1:7788/public/record
[ test ] 日志测试
---------------------------------------------------------------

[2020-05-08T16:10:10+08:00] 127.0.0.1 GET 127.0.0.1:7788/public/inject/index/expection
[ error ] [2]Division by zero
---------------------------------------------------------------

[2020-05-08T16:11:54+08:00] 127.0.0.1 GET 127.0.0.1:7788/public/inject/index/expection
[ error ] Division by zero : 被除数不能为0
---------------------------------------------------------------

[2020-05-08T16:12:57+08:00] 127.0.0.1 GET 127.0.0.1:7788/public/inject/index/expection
[ error ] Division by zero : 被除数不能为0
---------------------------------------------------------------

[2020-05-08T16:16:40+08:00] 127.0.0.1 GET 127.0.0.1:7788/public/record
[ test ] 日志测试
{"ip":"127.0.0.1","method":"GET","host":"127.0.0.1:7788","uri":"/public/record","timestamp":"2020-05-08T16:19:23+08:00","test":"日志测试"}
---------------------------------------------------------------

[2020-05-08T16:19:48+08:00] 127.0.0.1 GET 127.0.0.1:7788/public/record
[ test ] 日志测试
---------------------------------------------------------------

[2020-05-08T16:21:56+08:00] 127.0.0.1 GET 127.0.0.1:7788/public/record
[ test ] 日志测试
---------------------------------------------------------------

[2020-05-08T18:28:43+08:00] 127.0.0.1 GET 127.0.0.1:7788/public/verify/index/index
[ error ] [0]seat只能在 1 - 99 之间
email格式不符
---------------------------------------------------------------

[2020-05-08T18:28:50+08:00] 127.0.0.1 GET 127.0.0.1:7788/public/verify/index/index
[运行时间：0.060331s] [吞吐率：16.58req/s] [内存消耗：2,673.25kb] [文件加载：96]
[ info ] [ LANG ] C:\#ThinkPhp\thinkphp5\thinkphp\lang\zh-cn.php
[ info ] [ ROUTE ] array (
)
[ info ] [ HEADER ] array (
  'cookie' => 'thinkphp_show_page_trace=1|4; log=0; _ga=GA1.1.1732484588.1573550797; PHPSESSID=iosgif714jtb1q025fph7ast23',
  'accept-language' => 'zh-CN,zh;q=0.9',
  'accept-encoding' => 'gzip, deflate, br',
  'accept' => 'text/html,application/xhtml+xml,application/xml;q=0.9,image/webp,image/apng,*/*;q=0.8',
  'user-agent' => 'Mozilla/5.0 (Windows NT 10.0; Win64; x64) AppleWebKit/537.36 (KHTML, like Gecko) Chrome/67.0.3396.79 Safari/537.36',
  'upgrade-insecure-requests' => '1',
  'cache-control' => 'max-age=0',
  'connection' => 'keep-alive',
  'host' => '127.0.0.1:7788',
  'content-length' => '',
  'content-type' => '',
)
[ info ] [ PARAM ] array (
)
[ error ] [0]seat只能在 1 - 99 之间
email格式不符[C:\#ThinkPhp\thinkphp5\thinkphp\library\think\Controller.php:272]
---------------------------------------------------------------

[2020-05-08T18:30:40+08:00] 127.0.0.1 GET 127.0.0.1:7788/public/verify/index/index
[运行时间：0.034904s] [吞吐率：28.65req/s] [内存消耗：2,545.52kb] [文件加载：93]
[ info ] [ LANG ] C:\#ThinkPhp\thinkphp5\thinkphp\lang\zh-cn.php
[ info ] [ ROUTE ] array (
)
[ info ] [ HEADER ] array (
  'cookie' => 'thinkphp_show_page_trace=1|4; log=0; _ga=GA1.1.1732484588.1573550797; PHPSESSID=iosgif714jtb1q025fph7ast23',
  'accept-language' => 'zh-CN,zh;q=0.9',
  'accept-encoding' => 'gzip, deflate, br',
  'accept' => 'text/html,application/xhtml+xml,application/xml;q=0.9,image/webp,image/apng,*/*;q=0.8',
  'user-agent' => 'Mozilla/5.0 (Windows NT 10.0; Win64; x64) AppleWebKit/537.36 (KHTML, like Gecko) Chrome/67.0.3396.79 Safari/537.36',
  'upgrade-insecure-requests' => '1',
  'cache-control' => 'max-age=0',
  'connection' => 'keep-alive',
  'host' => '127.0.0.1:7788',
  'content-length' => '',
  'content-type' => '',
)
[ info ] [ PARAM ] array (
)
---------------------------------------------------------------

[2020-05-08T19:35:43+08:00] 127.0.0.1 GET 127.0.0.1:7788/public/verify/index/index
[运行时间：0.061547s] [吞吐率：16.25req/s] [内存消耗：2,545.94kb] [文件加载：93]
[ info ] [ LANG ] C:\#ThinkPhp\thinkphp5\thinkphp\lang\zh-cn.php
[ info ] [ ROUTE ] array (
)
[ info ] [ HEADER ] array (
  'cookie' => 'thinkphp_show_page_trace=1|4; log=0; _ga=GA1.1.1732484588.1573550797; PHPSESSID=iosgif714jtb1q025fph7ast23',
  'accept-language' => 'zh-CN,zh;q=0.9',
  'accept-encoding' => 'gzip, deflate, br',
  'accept' => 'text/html,application/xhtml+xml,application/xml;q=0.9,image/webp,image/apng,*/*;q=0.8',
  'user-agent' => 'Mozilla/5.0 (Windows NT 10.0; Win64; x64) AppleWebKit/537.36 (KHTML, like Gecko) Chrome/67.0.3396.79 Safari/537.36',
  'upgrade-insecure-requests' => '1',
  'cache-control' => 'max-age=0',
  'connection' => 'keep-alive',
  'host' => '127.0.0.1:7788',
  'content-length' => '',
  'content-type' => '',
)
[ info ] [ PARAM ] array (
)
---------------------------------------------------------------

[2020-05-08T19:38:06+08:00] 127.0.0.1 GET 127.0.0.1:7788/public/verify/index/index
[运行时间：0.039255s] [吞吐率：25.47req/s] [内存消耗：2,546.06kb] [文件加载：93]
[ info ] [ LANG ] C:\#ThinkPhp\thinkphp5\thinkphp\lang\zh-cn.php
[ info ] [ ROUTE ] array (
)
[ info ] [ HEADER ] array (
  'cookie' => 'thinkphp_show_page_trace=1|4; log=0; _ga=GA1.1.1732484588.1573550797; PHPSESSID=iosgif714jtb1q025fph7ast23',
  'accept-language' => 'zh-CN,zh;q=0.9',
  'accept-encoding' => 'gzip, deflate, br',
  'accept' => 'text/html,application/xhtml+xml,application/xml;q=0.9,image/webp,image/apng,*/*;q=0.8',
  'user-agent' => 'Mozilla/5.0 (Windows NT 10.0; Win64; x64) AppleWebKit/537.36 (KHTML, like Gecko) Chrome/67.0.3396.79 Safari/537.36',
  'upgrade-insecure-requests' => '1',
  'cache-control' => 'max-age=0',
  'connection' => 'keep-alive',
  'host' => '127.0.0.1:7788',
  'content-length' => '',
  'content-type' => '',
)
[ info ] [ PARAM ] array (
)
---------------------------------------------------------------

[2020-05-08T19:43:35+08:00] 127.0.0.1 GET 127.0.0.1:7788/public/verify/index/index
[运行时间：0.041890s] [吞吐率：23.87req/s] [内存消耗：2,546.09kb] [文件加载：93]
[ info ] [ LANG ] C:\#ThinkPhp\thinkphp5\thinkphp\lang\zh-cn.php
[ info ] [ ROUTE ] array (
)
[ info ] [ HEADER ] array (
  'cookie' => 'thinkphp_show_page_trace=1|4; log=0; _ga=GA1.1.1732484588.1573550797; PHPSESSID=iosgif714jtb1q025fph7ast23',
  'accept-language' => 'zh-CN,zh;q=0.9',
  'accept-encoding' => 'gzip, deflate, br',
  'accept' => 'text/html,application/xhtml+xml,application/xml;q=0.9,image/webp,image/apng,*/*;q=0.8',
  'user-agent' => 'Mozilla/5.0 (Windows NT 10.0; Win64; x64) AppleWebKit/537.36 (KHTML, like Gecko) Chrome/67.0.3396.79 Safari/537.36',
  'upgrade-insecure-requests' => '1',
  'cache-control' => 'max-age=0',
  'connection' => 'keep-alive',
  'host' => '127.0.0.1:7788',
  'content-length' => '',
  'content-type' => '',
)
[ info ] [ PARAM ] array (
)
---------------------------------------------------------------

[2020-05-08T20:54:57+08:00] 127.0.0.1 GET 127.0.0.1:7788/public/verify/index/index
[运行时间：0.121651s] [吞吐率：8.22req/s] [内存消耗：2,546.41kb] [文件加载：93]
[ info ] [ LANG ] C:\#ThinkPhp\thinkphp5\thinkphp\lang\zh-cn.php
[ info ] [ ROUTE ] array (
)
[ info ] [ HEADER ] array (
  'cookie' => 'thinkphp_show_page_trace=1|4; log=0; _ga=GA1.1.1732484588.1573550797; PHPSESSID=iosgif714jtb1q025fph7ast23',
  'accept-language' => 'zh-CN,zh;q=0.9',
  'accept-encoding' => 'gzip, deflate, br',
  'accept' => 'text/html,application/xhtml+xml,application/xml;q=0.9,image/webp,image/apng,*/*;q=0.8',
  'user-agent' => 'Mozilla/5.0 (Windows NT 10.0; Win64; x64) AppleWebKit/537.36 (KHTML, like Gecko) Chrome/67.0.3396.79 Safari/537.36',
  'upgrade-insecure-requests' => '1',
  'cache-control' => 'max-age=0',
  'connection' => 'keep-alive',
  'host' => '127.0.0.1:7788',
  'content-length' => '',
  'content-type' => '',
)
[ info ] [ PARAM ] array (
)
---------------------------------------------------------------

[2020-05-08T20:54:58+08:00] 127.0.0.1 GET 127.0.0.1:7788/public/verify/index/index
[运行时间：0.036958s] [吞吐率：27.06req/s] [内存消耗：2,546.41kb] [文件加载：93]
[ info ] [ LANG ] C:\#ThinkPhp\thinkphp5\thinkphp\lang\zh-cn.php
[ info ] [ ROUTE ] array (
)
[ info ] [ HEADER ] array (
  'cookie' => 'thinkphp_show_page_trace=1|4; log=0; _ga=GA1.1.1732484588.1573550797; PHPSESSID=iosgif714jtb1q025fph7ast23',
  'accept-language' => 'zh-CN,zh;q=0.9',
  'accept-encoding' => 'gzip, deflate, br',
  'accept' => 'text/html,application/xhtml+xml,application/xml;q=0.9,image/webp,image/apng,*/*;q=0.8',
  'user-agent' => 'Mozilla/5.0 (Windows NT 10.0; Win64; x64) AppleWebKit/537.36 (KHTML, like Gecko) Chrome/67.0.3396.79 Safari/537.36',
  'upgrade-insecure-requests' => '1',
  'cache-control' => 'max-age=0',
  'connection' => 'keep-alive',
  'host' => '127.0.0.1:7788',
  'content-length' => '',
  'content-type' => '',
)
[ info ] [ PARAM ] array (
)
---------------------------------------------------------------

[2020-05-08T20:55:10+08:00] 127.0.0.1 GET 127.0.0.1:7788/public/verify/index/index
[运行时间：0.038521s] [吞吐率：25.96req/s] [内存消耗：2,546.41kb] [文件加载：93]
[ info ] [ LANG ] C:\#ThinkPhp\thinkphp5\thinkphp\lang\zh-cn.php
[ info ] [ ROUTE ] array (
)
[ info ] [ HEADER ] array (
  'cookie' => 'thinkphp_show_page_trace=1|4; log=0; _ga=GA1.1.1732484588.1573550797; PHPSESSID=iosgif714jtb1q025fph7ast23',
  'accept-language' => 'zh-CN,zh;q=0.9',
  'accept-encoding' => 'gzip, deflate, br',
  'accept' => 'text/html,application/xhtml+xml,application/xml;q=0.9,image/webp,image/apng,*/*;q=0.8',
  'user-agent' => 'Mozilla/5.0 (Windows NT 10.0; Win64; x64) AppleWebKit/537.36 (KHTML, like Gecko) Chrome/67.0.3396.79 Safari/537.36',
  'upgrade-insecure-requests' => '1',
  'cache-control' => 'max-age=0',
  'connection' => 'keep-alive',
  'host' => '127.0.0.1:7788',
  'content-length' => '',
  'content-type' => '',
)
[ info ] [ PARAM ] array (
)
---------------------------------------------------------------

[2020-05-08T20:55:11+08:00] 127.0.0.1 GET 127.0.0.1:7788/public/verify/index/index
[运行时间：0.042543s] [吞吐率：23.51req/s] [内存消耗：2,546.41kb] [文件加载：93]
[ info ] [ LANG ] C:\#ThinkPhp\thinkphp5\thinkphp\lang\zh-cn.php
[ info ] [ ROUTE ] array (
)
[ info ] [ HEADER ] array (
  'cookie' => 'thinkphp_show_page_trace=1|4; log=0; _ga=GA1.1.1732484588.1573550797; PHPSESSID=iosgif714jtb1q025fph7ast23',
  'accept-language' => 'zh-CN,zh;q=0.9',
  'accept-encoding' => 'gzip, deflate, br',
  'accept' => 'text/html,application/xhtml+xml,application/xml;q=0.9,image/webp,image/apng,*/*;q=0.8',
  'user-agent' => 'Mozilla/5.0 (Windows NT 10.0; Win64; x64) AppleWebKit/537.36 (KHTML, like Gecko) Chrome/67.0.3396.79 Safari/537.36',
  'upgrade-insecure-requests' => '1',
  'cache-control' => 'max-age=0',
  'connection' => 'keep-alive',
  'host' => '127.0.0.1:7788',
  'content-length' => '',
  'content-type' => '',
)
[ info ] [ PARAM ] array (
)
---------------------------------------------------------------

[2020-05-08T20:55:11+08:00] 127.0.0.1 GET 127.0.0.1:7788/public/verify/index/index
[运行时间：0.036914s] [吞吐率：27.09req/s] [内存消耗：2,546.41kb] [文件加载：93]
[ info ] [ LANG ] C:\#ThinkPhp\thinkphp5\thinkphp\lang\zh-cn.php
[ info ] [ ROUTE ] array (
)
[ info ] [ HEADER ] array (
  'cookie' => 'thinkphp_show_page_trace=1|4; log=0; _ga=GA1.1.1732484588.1573550797; PHPSESSID=iosgif714jtb1q025fph7ast23',
  'accept-language' => 'zh-CN,zh;q=0.9',
  'accept-encoding' => 'gzip, deflate, br',
  'accept' => 'text/html,application/xhtml+xml,application/xml;q=0.9,image/webp,image/apng,*/*;q=0.8',
  'user-agent' => 'Mozilla/5.0 (Windows NT 10.0; Win64; x64) AppleWebKit/537.36 (KHTML, like Gecko) Chrome/67.0.3396.79 Safari/537.36',
  'upgrade-insecure-requests' => '1',
  'cache-control' => 'max-age=0',
  'connection' => 'keep-alive',
  'host' => '127.0.0.1:7788',
  'content-length' => '',
  'content-type' => '',
)
[ info ] [ PARAM ] array (
)
---------------------------------------------------------------

[2020-05-08T20:55:11+08:00] 127.0.0.1 GET 127.0.0.1:7788/public/verify/index/index
[运行时间：0.036963s] [吞吐率：27.05req/s] [内存消耗：2,546.41kb] [文件加载：93]
[ info ] [ LANG ] C:\#ThinkPhp\thinkphp5\thinkphp\lang\zh-cn.php
[ info ] [ ROUTE ] array (
)
[ info ] [ HEADER ] array (
  'cookie' => 'thinkphp_show_page_trace=1|4; log=0; _ga=GA1.1.1732484588.1573550797; PHPSESSID=iosgif714jtb1q025fph7ast23',
  'accept-language' => 'zh-CN,zh;q=0.9',
  'accept-encoding' => 'gzip, deflate, br',
  'accept' => 'text/html,application/xhtml+xml,application/xml;q=0.9,image/webp,image/apng,*/*;q=0.8',
  'user-agent' => 'Mozilla/5.0 (Windows NT 10.0; Win64; x64) AppleWebKit/537.36 (KHTML, like Gecko) Chrome/67.0.3396.79 Safari/537.36',
  'upgrade-insecure-requests' => '1',
  'cache-control' => 'max-age=0',
  'connection' => 'keep-alive',
  'host' => '127.0.0.1:7788',
  'content-length' => '',
  'content-type' => '',
)
[ info ] [ PARAM ] array (
)
---------------------------------------------------------------

[2020-05-08T20:55:11+08:00] 127.0.0.1 GET 127.0.0.1:7788/public/verify/index/index
[运行时间：0.037157s] [吞吐率：26.91req/s] [内存消耗：2,546.41kb] [文件加载：93]
[ info ] [ LANG ] C:\#ThinkPhp\thinkphp5\thinkphp\lang\zh-cn.php
[ info ] [ ROUTE ] array (
)
[ info ] [ HEADER ] array (
  'cookie' => 'thinkphp_show_page_trace=1|4; log=0; _ga=GA1.1.1732484588.1573550797; PHPSESSID=iosgif714jtb1q025fph7ast23',
  'accept-language' => 'zh-CN,zh;q=0.9',
  'accept-encoding' => 'gzip, deflate, br',
  'accept' => 'text/html,application/xhtml+xml,application/xml;q=0.9,image/webp,image/apng,*/*;q=0.8',
  'user-agent' => 'Mozilla/5.0 (Windows NT 10.0; Win64; x64) AppleWebKit/537.36 (KHTML, like Gecko) Chrome/67.0.3396.79 Safari/537.36',
  'upgrade-insecure-requests' => '1',
  'cache-control' => 'max-age=0',
  'connection' => 'keep-alive',
  'host' => '127.0.0.1:7788',
  'content-length' => '',
  'content-type' => '',
)
[ info ] [ PARAM ] array (
)
---------------------------------------------------------------

[2020-05-08T20:55:11+08:00] 127.0.0.1 GET 127.0.0.1:7788/public/verify/index/index
[运行时间：0.037085s] [吞吐率：26.97req/s] [内存消耗：2,546.41kb] [文件加载：93]
[ info ] [ LANG ] C:\#ThinkPhp\thinkphp5\thinkphp\lang\zh-cn.php
[ info ] [ ROUTE ] array (
)
[ info ] [ HEADER ] array (
  'cookie' => 'thinkphp_show_page_trace=1|4; log=0; _ga=GA1.1.1732484588.1573550797; PHPSESSID=iosgif714jtb1q025fph7ast23',
  'accept-language' => 'zh-CN,zh;q=0.9',
  'accept-encoding' => 'gzip, deflate, br',
  'accept' => 'text/html,application/xhtml+xml,application/xml;q=0.9,image/webp,image/apng,*/*;q=0.8',
  'user-agent' => 'Mozilla/5.0 (Windows NT 10.0; Win64; x64) AppleWebKit/537.36 (KHTML, like Gecko) Chrome/67.0.3396.79 Safari/537.36',
  'upgrade-insecure-requests' => '1',
  'cache-control' => 'max-age=0',
  'connection' => 'keep-alive',
  'host' => '127.0.0.1:7788',
  'content-length' => '',
  'content-type' => '',
)
[ info ] [ PARAM ] array (
)
---------------------------------------------------------------

[2020-05-08T20:55:12+08:00] 127.0.0.1 GET 127.0.0.1:7788/public/verify/index/index
[运行时间：0.040881s] [吞吐率：24.46req/s] [内存消耗：2,546.41kb] [文件加载：93]
[ info ] [ LANG ] C:\#ThinkPhp\thinkphp5\thinkphp\lang\zh-cn.php
[ info ] [ ROUTE ] array (
)
[ info ] [ HEADER ] array (
  'cookie' => 'thinkphp_show_page_trace=1|4; log=0; _ga=GA1.1.1732484588.1573550797; PHPSESSID=iosgif714jtb1q025fph7ast23',
  'accept-language' => 'zh-CN,zh;q=0.9',
  'accept-encoding' => 'gzip, deflate, br',
  'accept' => 'text/html,application/xhtml+xml,application/xml;q=0.9,image/webp,image/apng,*/*;q=0.8',
  'user-agent' => 'Mozilla/5.0 (Windows NT 10.0; Win64; x64) AppleWebKit/537.36 (KHTML, like Gecko) Chrome/67.0.3396.79 Safari/537.36',
  'upgrade-insecure-requests' => '1',
  'cache-control' => 'max-age=0',
  'connection' => 'keep-alive',
  'host' => '127.0.0.1:7788',
  'content-length' => '',
  'content-type' => '',
)
[ info ] [ PARAM ] array (
)
---------------------------------------------------------------

[2020-05-08T20:55:12+08:00] 127.0.0.1 GET 127.0.0.1:7788/public/verify/index/index
[运行时间：0.038123s] [吞吐率：26.23req/s] [内存消耗：2,546.41kb] [文件加载：93]
[ info ] [ LANG ] C:\#ThinkPhp\thinkphp5\thinkphp\lang\zh-cn.php
[ info ] [ ROUTE ] array (
)
[ info ] [ HEADER ] array (
  'cookie' => 'thinkphp_show_page_trace=1|4; log=0; _ga=GA1.1.1732484588.1573550797; PHPSESSID=iosgif714jtb1q025fph7ast23',
  'accept-language' => 'zh-CN,zh;q=0.9',
  'accept-encoding' => 'gzip, deflate, br',
  'accept' => 'text/html,application/xhtml+xml,application/xml;q=0.9,image/webp,image/apng,*/*;q=0.8',
  'user-agent' => 'Mozilla/5.0 (Windows NT 10.0; Win64; x64) AppleWebKit/537.36 (KHTML, like Gecko) Chrome/67.0.3396.79 Safari/537.36',
  'upgrade-insecure-requests' => '1',
  'cache-control' => 'max-age=0',
  'connection' => 'keep-alive',
  'host' => '127.0.0.1:7788',
  'content-length' => '',
  'content-type' => '',
)
[ info ] [ PARAM ] array (
)
---------------------------------------------------------------

[2020-05-08T20:55:40+08:00] 127.0.0.1 GET 127.0.0.1:7788/public/verify/index/index
[运行时间：0.036874s] [吞吐率：27.12req/s] [内存消耗：2,546.41kb] [文件加载：93]
[ info ] [ LANG ] C:\#ThinkPhp\thinkphp5\thinkphp\lang\zh-cn.php
[ info ] [ ROUTE ] array (
)
[ info ] [ HEADER ] array (
  'cookie' => 'thinkphp_show_page_trace=1|4; log=0; _ga=GA1.1.1732484588.1573550797; PHPSESSID=iosgif714jtb1q025fph7ast23',
  'accept-language' => 'zh-CN,zh;q=0.9',
  'accept-encoding' => 'gzip, deflate, br',
  'accept' => 'text/html,application/xhtml+xml,application/xml;q=0.9,image/webp,image/apng,*/*;q=0.8',
  'user-agent' => 'Mozilla/5.0 (Windows NT 10.0; Win64; x64) AppleWebKit/537.36 (KHTML, like Gecko) Chrome/67.0.3396.79 Safari/537.36',
  'upgrade-insecure-requests' => '1',
  'cache-control' => 'max-age=0',
  'connection' => 'keep-alive',
  'host' => '127.0.0.1:7788',
  'content-length' => '',
  'content-type' => '',
)
[ info ] [ PARAM ] array (
)
---------------------------------------------------------------

[2020-05-08T20:55:40+08:00] 127.0.0.1 GET 127.0.0.1:7788/public/verify/index/index
[运行时间：0.036684s] [吞吐率：27.26req/s] [内存消耗：2,546.41kb] [文件加载：93]
[ info ] [ LANG ] C:\#ThinkPhp\thinkphp5\thinkphp\lang\zh-cn.php
[ info ] [ ROUTE ] array (
)
[ info ] [ HEADER ] array (
  'cookie' => 'thinkphp_show_page_trace=1|4; log=0; _ga=GA1.1.1732484588.1573550797; PHPSESSID=iosgif714jtb1q025fph7ast23',
  'accept-language' => 'zh-CN,zh;q=0.9',
  'accept-encoding' => 'gzip, deflate, br',
  'accept' => 'text/html,application/xhtml+xml,application/xml;q=0.9,image/webp,image/apng,*/*;q=0.8',
  'user-agent' => 'Mozilla/5.0 (Windows NT 10.0; Win64; x64) AppleWebKit/537.36 (KHTML, like Gecko) Chrome/67.0.3396.79 Safari/537.36',
  'upgrade-insecure-requests' => '1',
  'cache-control' => 'max-age=0',
  'connection' => 'keep-alive',
  'host' => '127.0.0.1:7788',
  'content-length' => '',
  'content-type' => '',
)
[ info ] [ PARAM ] array (
)
---------------------------------------------------------------

[2020-05-08T20:55:41+08:00] 127.0.0.1 GET 127.0.0.1:7788/public/verify/index/index
[运行时间：0.039387s] [吞吐率：25.39req/s] [内存消耗：2,546.41kb] [文件加载：93]
[ info ] [ LANG ] C:\#ThinkPhp\thinkphp5\thinkphp\lang\zh-cn.php
[ info ] [ ROUTE ] array (
)
[ info ] [ HEADER ] array (
  'cookie' => 'thinkphp_show_page_trace=1|4; log=0; _ga=GA1.1.1732484588.1573550797; PHPSESSID=iosgif714jtb1q025fph7ast23',
  'accept-language' => 'zh-CN,zh;q=0.9',
  'accept-encoding' => 'gzip, deflate, br',
  'accept' => 'text/html,application/xhtml+xml,application/xml;q=0.9,image/webp,image/apng,*/*;q=0.8',
  'user-agent' => 'Mozilla/5.0 (Windows NT 10.0; Win64; x64) AppleWebKit/537.36 (KHTML, like Gecko) Chrome/67.0.3396.79 Safari/537.36',
  'upgrade-insecure-requests' => '1',
  'cache-control' => 'max-age=0',
  'connection' => 'keep-alive',
  'host' => '127.0.0.1:7788',
  'content-length' => '',
  'content-type' => '',
)
[ info ] [ PARAM ] array (
)
---------------------------------------------------------------

[2020-05-08T20:55:41+08:00] 127.0.0.1 GET 127.0.0.1:7788/public/verify/index/index
[运行时间：0.040402s] [吞吐率：24.75req/s] [内存消耗：2,546.41kb] [文件加载：93]
[ info ] [ LANG ] C:\#ThinkPhp\thinkphp5\thinkphp\lang\zh-cn.php
[ info ] [ ROUTE ] array (
)
[ info ] [ HEADER ] array (
  'cookie' => 'thinkphp_show_page_trace=1|4; log=0; _ga=GA1.1.1732484588.1573550797; PHPSESSID=iosgif714jtb1q025fph7ast23',
  'accept-language' => 'zh-CN,zh;q=0.9',
  'accept-encoding' => 'gzip, deflate, br',
  'accept' => 'text/html,application/xhtml+xml,application/xml;q=0.9,image/webp,image/apng,*/*;q=0.8',
  'user-agent' => 'Mozilla/5.0 (Windows NT 10.0; Win64; x64) AppleWebKit/537.36 (KHTML, like Gecko) Chrome/67.0.3396.79 Safari/537.36',
  'upgrade-insecure-requests' => '1',
  'cache-control' => 'max-age=0',
  'connection' => 'keep-alive',
  'host' => '127.0.0.1:7788',
  'content-length' => '',
  'content-type' => '',
)
[ info ] [ PARAM ] array (
)
---------------------------------------------------------------

[2020-05-08T20:55:41+08:00] 127.0.0.1 GET 127.0.0.1:7788/public/verify/index/index
[运行时间：0.037450s] [吞吐率：26.70req/s] [内存消耗：2,546.41kb] [文件加载：93]
[ info ] [ LANG ] C:\#ThinkPhp\thinkphp5\thinkphp\lang\zh-cn.php
[ info ] [ ROUTE ] array (
)
[ info ] [ HEADER ] array (
  'cookie' => 'thinkphp_show_page_trace=1|4; log=0; _ga=GA1.1.1732484588.1573550797; PHPSESSID=iosgif714jtb1q025fph7ast23',
  'accept-language' => 'zh-CN,zh;q=0.9',
  'accept-encoding' => 'gzip, deflate, br',
  'accept' => 'text/html,application/xhtml+xml,application/xml;q=0.9,image/webp,image/apng,*/*;q=0.8',
  'user-agent' => 'Mozilla/5.0 (Windows NT 10.0; Win64; x64) AppleWebKit/537.36 (KHTML, like Gecko) Chrome/67.0.3396.79 Safari/537.36',
  'upgrade-insecure-requests' => '1',
  'cache-control' => 'max-age=0',
  'connection' => 'keep-alive',
  'host' => '127.0.0.1:7788',
  'content-length' => '',
  'content-type' => '',
)
[ info ] [ PARAM ] array (
)
---------------------------------------------------------------

[2020-05-08T20:55:41+08:00] 127.0.0.1 GET 127.0.0.1:7788/public/verify/index/index
[运行时间：0.037122s] [吞吐率：26.94req/s] [内存消耗：2,546.41kb] [文件加载：93]
[ info ] [ LANG ] C:\#ThinkPhp\thinkphp5\thinkphp\lang\zh-cn.php
[ info ] [ ROUTE ] array (
)
[ info ] [ HEADER ] array (
  'cookie' => 'thinkphp_show_page_trace=1|4; log=0; _ga=GA1.1.1732484588.1573550797; PHPSESSID=iosgif714jtb1q025fph7ast23',
  'accept-language' => 'zh-CN,zh;q=0.9',
  'accept-encoding' => 'gzip, deflate, br',
  'accept' => 'text/html,application/xhtml+xml,application/xml;q=0.9,image/webp,image/apng,*/*;q=0.8',
  'user-agent' => 'Mozilla/5.0 (Windows NT 10.0; Win64; x64) AppleWebKit/537.36 (KHTML, like Gecko) Chrome/67.0.3396.79 Safari/537.36',
  'upgrade-insecure-requests' => '1',
  'cache-control' => 'max-age=0',
  'connection' => 'keep-alive',
  'host' => '127.0.0.1:7788',
  'content-length' => '',
  'content-type' => '',
)
[ info ] [ PARAM ] array (
)
---------------------------------------------------------------

[2020-05-08T20:55:41+08:00] 127.0.0.1 GET 127.0.0.1:7788/public/verify/index/index
[运行时间：0.037731s] [吞吐率：26.50req/s] [内存消耗：2,546.41kb] [文件加载：93]
[ info ] [ LANG ] C:\#ThinkPhp\thinkphp5\thinkphp\lang\zh-cn.php
[ info ] [ ROUTE ] array (
)
[ info ] [ HEADER ] array (
  'cookie' => 'thinkphp_show_page_trace=1|4; log=0; _ga=GA1.1.1732484588.1573550797; PHPSESSID=iosgif714jtb1q025fph7ast23',
  'accept-language' => 'zh-CN,zh;q=0.9',
  'accept-encoding' => 'gzip, deflate, br',
  'accept' => 'text/html,application/xhtml+xml,application/xml;q=0.9,image/webp,image/apng,*/*;q=0.8',
  'user-agent' => 'Mozilla/5.0 (Windows NT 10.0; Win64; x64) AppleWebKit/537.36 (KHTML, like Gecko) Chrome/67.0.3396.79 Safari/537.36',
  'upgrade-insecure-requests' => '1',
  'cache-control' => 'max-age=0',
  'connection' => 'keep-alive',
  'host' => '127.0.0.1:7788',
  'content-length' => '',
  'content-type' => '',
)
[ info ] [ PARAM ] array (
)
---------------------------------------------------------------

[2020-05-08T20:55:41+08:00] 127.0.0.1 GET 127.0.0.1:7788/public/verify/index/index
[运行时间：0.036301s] [吞吐率：27.55req/s] [内存消耗：2,546.41kb] [文件加载：93]
[ info ] [ LANG ] C:\#ThinkPhp\thinkphp5\thinkphp\lang\zh-cn.php
[ info ] [ ROUTE ] array (
)
[ info ] [ HEADER ] array (
  'cookie' => 'thinkphp_show_page_trace=1|4; log=0; _ga=GA1.1.1732484588.1573550797; PHPSESSID=iosgif714jtb1q025fph7ast23',
  'accept-language' => 'zh-CN,zh;q=0.9',
  'accept-encoding' => 'gzip, deflate, br',
  'accept' => 'text/html,application/xhtml+xml,application/xml;q=0.9,image/webp,image/apng,*/*;q=0.8',
  'user-agent' => 'Mozilla/5.0 (Windows NT 10.0; Win64; x64) AppleWebKit/537.36 (KHTML, like Gecko) Chrome/67.0.3396.79 Safari/537.36',
  'upgrade-insecure-requests' => '1',
  'cache-control' => 'max-age=0',
  'connection' => 'keep-alive',
  'host' => '127.0.0.1:7788',
  'content-length' => '',
  'content-type' => '',
)
[ info ] [ PARAM ] array (
)
---------------------------------------------------------------

[2020-05-08T20:55:41+08:00] 127.0.0.1 GET 127.0.0.1:7788/public/verify/index/index
[运行时间：0.036366s] [吞吐率：27.50req/s] [内存消耗：2,546.41kb] [文件加载：93]
[ info ] [ LANG ] C:\#ThinkPhp\thinkphp5\thinkphp\lang\zh-cn.php
[ info ] [ ROUTE ] array (
)
[ info ] [ HEADER ] array (
  'cookie' => 'thinkphp_show_page_trace=1|4; log=0; _ga=GA1.1.1732484588.1573550797; PHPSESSID=iosgif714jtb1q025fph7ast23',
  'accept-language' => 'zh-CN,zh;q=0.9',
  'accept-encoding' => 'gzip, deflate, br',
  'accept' => 'text/html,application/xhtml+xml,application/xml;q=0.9,image/webp,image/apng,*/*;q=0.8',
  'user-agent' => 'Mozilla/5.0 (Windows NT 10.0; Win64; x64) AppleWebKit/537.36 (KHTML, like Gecko) Chrome/67.0.3396.79 Safari/537.36',
  'upgrade-insecure-requests' => '1',
  'cache-control' => 'max-age=0',
  'connection' => 'keep-alive',
  'host' => '127.0.0.1:7788',
  'content-length' => '',
  'content-type' => '',
)
[ info ] [ PARAM ] array (
)
---------------------------------------------------------------

[2020-05-08T20:55:42+08:00] 127.0.0.1 GET 127.0.0.1:7788/public/verify/index/index
[运行时间：0.038580s] [吞吐率：25.92req/s] [内存消耗：2,546.41kb] [文件加载：93]
[ info ] [ LANG ] C:\#ThinkPhp\thinkphp5\thinkphp\lang\zh-cn.php
[ info ] [ ROUTE ] array (
)
[ info ] [ HEADER ] array (
  'cookie' => 'thinkphp_show_page_trace=1|4; log=0; _ga=GA1.1.1732484588.1573550797; PHPSESSID=iosgif714jtb1q025fph7ast23',
  'accept-language' => 'zh-CN,zh;q=0.9',
  'accept-encoding' => 'gzip, deflate, br',
  'accept' => 'text/html,application/xhtml+xml,application/xml;q=0.9,image/webp,image/apng,*/*;q=0.8',
  'user-agent' => 'Mozilla/5.0 (Windows NT 10.0; Win64; x64) AppleWebKit/537.36 (KHTML, like Gecko) Chrome/67.0.3396.79 Safari/537.36',
  'upgrade-insecure-requests' => '1',
  'cache-control' => 'max-age=0',
  'connection' => 'keep-alive',
  'host' => '127.0.0.1:7788',
  'content-length' => '',
  'content-type' => '',
)
[ info ] [ PARAM ] array (
)
---------------------------------------------------------------

[2020-05-08T20:55:42+08:00] 127.0.0.1 GET 127.0.0.1:7788/public/verify/index/index
[运行时间：0.038517s] [吞吐率：25.96req/s] [内存消耗：2,546.41kb] [文件加载：93]
[ info ] [ LANG ] C:\#ThinkPhp\thinkphp5\thinkphp\lang\zh-cn.php
[ info ] [ ROUTE ] array (
)
[ info ] [ HEADER ] array (
  'cookie' => 'thinkphp_show_page_trace=1|4; log=0; _ga=GA1.1.1732484588.1573550797; PHPSESSID=iosgif714jtb1q025fph7ast23',
  'accept-language' => 'zh-CN,zh;q=0.9',
  'accept-encoding' => 'gzip, deflate, br',
  'accept' => 'text/html,application/xhtml+xml,application/xml;q=0.9,image/webp,image/apng,*/*;q=0.8',
  'user-agent' => 'Mozilla/5.0 (Windows NT 10.0; Win64; x64) AppleWebKit/537.36 (KHTML, like Gecko) Chrome/67.0.3396.79 Safari/537.36',
  'upgrade-insecure-requests' => '1',
  'cache-control' => 'max-age=0',
  'connection' => 'keep-alive',
  'host' => '127.0.0.1:7788',
  'content-length' => '',
  'content-type' => '',
)
[ info ] [ PARAM ] array (
)
---------------------------------------------------------------

[2020-05-08T20:55:59+08:00] 127.0.0.1 GET 127.0.0.1:7788/public/verify/index/index
[运行时间：0.039269s] [吞吐率：25.47req/s] [内存消耗：2,546.45kb] [文件加载：93]
[ info ] [ LANG ] C:\#ThinkPhp\thinkphp5\thinkphp\lang\zh-cn.php
[ info ] [ ROUTE ] array (
)
[ info ] [ HEADER ] array (
  'cookie' => 'thinkphp_show_page_trace=1|4; log=0; _ga=GA1.1.1732484588.1573550797; PHPSESSID=iosgif714jtb1q025fph7ast23',
  'accept-language' => 'zh-CN,zh;q=0.9',
  'accept-encoding' => 'gzip, deflate, br',
  'accept' => 'text/html,application/xhtml+xml,application/xml;q=0.9,image/webp,image/apng,*/*;q=0.8',
  'user-agent' => 'Mozilla/5.0 (Windows NT 10.0; Win64; x64) AppleWebKit/537.36 (KHTML, like Gecko) Chrome/67.0.3396.79 Safari/537.36',
  'upgrade-insecure-requests' => '1',
  'cache-control' => 'max-age=0',
  'connection' => 'keep-alive',
  'host' => '127.0.0.1:7788',
  'content-length' => '',
  'content-type' => '',
)
[ info ] [ PARAM ] array (
)
---------------------------------------------------------------

[2020-05-08T20:56:15+08:00] 127.0.0.1 GET 127.0.0.1:7788/public/verify/index/index
[运行时间：0.038851s] [吞吐率：25.74req/s] [内存消耗：2,546.48kb] [文件加载：93]
[ info ] [ LANG ] C:\#ThinkPhp\thinkphp5\thinkphp\lang\zh-cn.php
[ info ] [ ROUTE ] array (
)
[ info ] [ HEADER ] array (
  'cookie' => 'thinkphp_show_page_trace=1|4; log=0; _ga=GA1.1.1732484588.1573550797; PHPSESSID=iosgif714jtb1q025fph7ast23',
  'accept-language' => 'zh-CN,zh;q=0.9',
  'accept-encoding' => 'gzip, deflate, br',
  'accept' => 'text/html,application/xhtml+xml,application/xml;q=0.9,image/webp,image/apng,*/*;q=0.8',
  'user-agent' => 'Mozilla/5.0 (Windows NT 10.0; Win64; x64) AppleWebKit/537.36 (KHTML, like Gecko) Chrome/67.0.3396.79 Safari/537.36',
  'upgrade-insecure-requests' => '1',
  'cache-control' => 'max-age=0',
  'connection' => 'keep-alive',
  'host' => '127.0.0.1:7788',
  'content-length' => '',
  'content-type' => '',
)
[ info ] [ PARAM ] array (
)
---------------------------------------------------------------

[2020-05-08T20:57:02+08:00] 127.0.0.1 GET localhost:7788/public/rely/index/url
[运行时间：0.051584s] [吞吐率：19.39req/s] [内存消耗：2,469.90kb] [文件加载：93]
[ info ] [ LANG ] C:\#ThinkPhp\thinkphp5\thinkphp\lang\zh-cn.php
[ info ] [ ROUTE ] array (
)
[ info ] [ HEADER ] array (
  'cache-control' => 'max-age=0',
  'if-modified-since' => 'Wed, 06 May 2020 17:30:51 GMT',
  'upgrade-insecure-requests' => '1',
  'cookie' => 'Phpstorm-35b95019=2a389545-c0a7-4db6-abe3-3b745f132640',
  'connection' => 'keep-alive',
  'accept-encoding' => 'gzip, deflate',
  'accept-language' => 'zh-CN,zh;q=0.8,zh-TW;q=0.7,zh-HK;q=0.5,en-US;q=0.3,en;q=0.2',
  'accept' => 'text/html,application/xhtml+xml,application/xml;q=0.9,image/webp,*/*;q=0.8',
  'user-agent' => 'Mozilla/5.0 (Windows NT 10.0; Win64; x64; rv:75.0) Gecko/20100101 Firefox/75.0',
  'host' => 'localhost:7788',
  'content-length' => '',
  'content-type' => '',
)
[ info ] [ PARAM ] array (
)
---------------------------------------------------------------

[2020-05-08T20:57:06+08:00] 127.0.0.1 GET 127.0.0.1:7788/public/verify/index/index
[运行时间：0.036190s] [吞吐率：27.63req/s] [内存消耗：2,546.48kb] [文件加载：93]
[ info ] [ LANG ] C:\#ThinkPhp\thinkphp5\thinkphp\lang\zh-cn.php
[ info ] [ ROUTE ] array (
)
[ info ] [ HEADER ] array (
  'cookie' => 'thinkphp_show_page_trace=1|4; log=0; _ga=GA1.1.1732484588.1573550797; PHPSESSID=iosgif714jtb1q025fph7ast23',
  'accept-language' => 'zh-CN,zh;q=0.9',
  'accept-encoding' => 'gzip, deflate, br',
  'accept' => 'text/html,application/xhtml+xml,application/xml;q=0.9,image/webp,image/apng,*/*;q=0.8',
  'user-agent' => 'Mozilla/5.0 (Windows NT 10.0; Win64; x64) AppleWebKit/537.36 (KHTML, like Gecko) Chrome/67.0.3396.79 Safari/537.36',
  'upgrade-insecure-requests' => '1',
  'cache-control' => 'max-age=0',
  'connection' => 'keep-alive',
  'host' => '127.0.0.1:7788',
  'content-length' => '',
  'content-type' => '',
)
[ info ] [ PARAM ] array (
)
---------------------------------------------------------------

[2020-05-08T20:57:08+08:00] 127.0.0.1 GET 127.0.0.1:7788/public/verify/index/index
[运行时间：0.040763s] [吞吐率：24.53req/s] [内存消耗：2,546.48kb] [文件加载：93]
[ info ] [ LANG ] C:\#ThinkPhp\thinkphp5\thinkphp\lang\zh-cn.php
[ info ] [ ROUTE ] array (
)
[ info ] [ HEADER ] array (
  'cookie' => 'thinkphp_show_page_trace=1|4; log=0; _ga=GA1.1.1732484588.1573550797; PHPSESSID=iosgif714jtb1q025fph7ast23',
  'accept-language' => 'zh-CN,zh;q=0.9',
  'accept-encoding' => 'gzip, deflate, br',
  'accept' => 'text/html,application/xhtml+xml,application/xml;q=0.9,image/webp,image/apng,*/*;q=0.8',
  'user-agent' => 'Mozilla/5.0 (Windows NT 10.0; Win64; x64) AppleWebKit/537.36 (KHTML, like Gecko) Chrome/67.0.3396.79 Safari/537.36',
  'upgrade-insecure-requests' => '1',
  'cache-control' => 'max-age=0',
  'connection' => 'keep-alive',
  'host' => '127.0.0.1:7788',
  'content-length' => '',
  'content-type' => '',
)
[ info ] [ PARAM ] array (
)
---------------------------------------------------------------

[2020-05-08T20:57:20+08:00] 127.0.0.1 GET 127.0.0.1:7788/public/verify/index/index
[运行时间：0.039220s] [吞吐率：25.50req/s] [内存消耗：2,546.48kb] [文件加载：93]
[ info ] [ LANG ] C:\#ThinkPhp\thinkphp5\thinkphp\lang\zh-cn.php
[ info ] [ ROUTE ] array (
)
[ info ] [ HEADER ] array (
  'cookie' => 'thinkphp_show_page_trace=1|4; log=0; _ga=GA1.1.1732484588.1573550797; PHPSESSID=iosgif714jtb1q025fph7ast23',
  'accept-language' => 'zh-CN,zh;q=0.9',
  'accept-encoding' => 'gzip, deflate, br',
  'accept' => 'text/html,application/xhtml+xml,application/xml;q=0.9,image/webp,image/apng,*/*;q=0.8',
  'user-agent' => 'Mozilla/5.0 (Windows NT 10.0; Win64; x64) AppleWebKit/537.36 (KHTML, like Gecko) Chrome/67.0.3396.79 Safari/537.36',
  'upgrade-insecure-requests' => '1',
  'cache-control' => 'max-age=0',
  'connection' => 'keep-alive',
  'host' => '127.0.0.1:7788',
  'content-length' => '',
  'content-type' => '',
)
[ info ] [ PARAM ] array (
)
---------------------------------------------------------------

[2020-05-08T20:57:27+08:00] 127.0.0.1 GET 127.0.0.1:7788/public/verify/index/index
[运行时间：0.039170s] [吞吐率：25.53req/s] [内存消耗：2,546.48kb] [文件加载：93]
[ info ] [ LANG ] C:\#ThinkPhp\thinkphp5\thinkphp\lang\zh-cn.php
[ info ] [ ROUTE ] array (
)
[ info ] [ HEADER ] array (
  'cookie' => 'thinkphp_show_page_trace=1|4; log=0; _ga=GA1.1.1732484588.1573550797; PHPSESSID=iosgif714jtb1q025fph7ast23',
  'accept-language' => 'zh-CN,zh;q=0.9',
  'accept-encoding' => 'gzip, deflate, br',
  'accept' => 'text/html,application/xhtml+xml,application/xml;q=0.9,image/webp,image/apng,*/*;q=0.8',
  'user-agent' => 'Mozilla/5.0 (Windows NT 10.0; Win64; x64) AppleWebKit/537.36 (KHTML, like Gecko) Chrome/67.0.3396.79 Safari/537.36',
  'upgrade-insecure-requests' => '1',
  'cache-control' => 'max-age=0',
  'connection' => 'keep-alive',
  'host' => '127.0.0.1:7788',
  'content-length' => '',
  'content-type' => '',
)
[ info ] [ PARAM ] array (
)
---------------------------------------------------------------

[2020-05-08T21:01:22+08:00] 127.0.0.1 GET 127.0.0.1:7788/public/verify/index/index
[运行时间：0.048634s] [吞吐率：20.56req/s] [内存消耗：2,547.24kb] [文件加载：93]
[ info ] [ LANG ] C:\#ThinkPhp\thinkphp5\thinkphp\lang\zh-cn.php
[ info ] [ ROUTE ] array (
)
[ info ] [ HEADER ] array (
  'cookie' => 'thinkphp_show_page_trace=1|4; log=0; _ga=GA1.1.1732484588.1573550797; PHPSESSID=iosgif714jtb1q025fph7ast23',
  'accept-language' => 'zh-CN,zh;q=0.9',
  'accept-encoding' => 'gzip, deflate, br',
  'accept' => 'text/html,application/xhtml+xml,application/xml;q=0.9,image/webp,image/apng,*/*;q=0.8',
  'user-agent' => 'Mozilla/5.0 (Windows NT 10.0; Win64; x64) AppleWebKit/537.36 (KHTML, like Gecko) Chrome/67.0.3396.79 Safari/537.36',
  'upgrade-insecure-requests' => '1',
  'cache-control' => 'max-age=0',
  'connection' => 'keep-alive',
  'host' => '127.0.0.1:7788',
  'content-length' => '',
  'content-type' => '',
)
[ info ] [ PARAM ] array (
)
---------------------------------------------------------------

[2020-05-08T21:01:31+08:00] 127.0.0.1 GET 127.0.0.1:7788/public/verify/index/index
[运行时间：0.041991s] [吞吐率：23.81req/s] [内存消耗：2,547.24kb] [文件加载：93]
[ info ] [ LANG ] C:\#ThinkPhp\thinkphp5\thinkphp\lang\zh-cn.php
[ info ] [ ROUTE ] array (
)
[ info ] [ HEADER ] array (
  'cookie' => 'thinkphp_show_page_trace=1|4; log=0; _ga=GA1.1.1732484588.1573550797; PHPSESSID=iosgif714jtb1q025fph7ast23',
  'accept-language' => 'zh-CN,zh;q=0.9',
  'accept-encoding' => 'gzip, deflate, br',
  'accept' => 'text/html,application/xhtml+xml,application/xml;q=0.9,image/webp,image/apng,*/*;q=0.8',
  'user-agent' => 'Mozilla/5.0 (Windows NT 10.0; Win64; x64) AppleWebKit/537.36 (KHTML, like Gecko) Chrome/67.0.3396.79 Safari/537.36',
  'upgrade-insecure-requests' => '1',
  'cache-control' => 'max-age=0',
  'connection' => 'keep-alive',
  'host' => '127.0.0.1:7788',
  'content-length' => '',
  'content-type' => '',
)
[ info ] [ PARAM ] array (
)
---------------------------------------------------------------

[2020-05-08T21:04:19+08:00] 127.0.0.1 GET 127.0.0.1:7788/public/verify/index/index
[运行时间：0.049923s] [吞吐率：20.03req/s] [内存消耗：2,547.52kb] [文件加载：93]
[ info ] [ LANG ] C:\#ThinkPhp\thinkphp5\thinkphp\lang\zh-cn.php
[ info ] [ ROUTE ] array (
)
[ info ] [ HEADER ] array (
  'cookie' => 'thinkphp_show_page_trace=1|4; log=0; _ga=GA1.1.1732484588.1573550797; PHPSESSID=iosgif714jtb1q025fph7ast23',
  'accept-language' => 'zh-CN,zh;q=0.9',
  'accept-encoding' => 'gzip, deflate, br',
  'accept' => 'text/html,application/xhtml+xml,application/xml;q=0.9,image/webp,image/apng,*/*;q=0.8',
  'user-agent' => 'Mozilla/5.0 (Windows NT 10.0; Win64; x64) AppleWebKit/537.36 (KHTML, like Gecko) Chrome/67.0.3396.79 Safari/537.36',
  'upgrade-insecure-requests' => '1',
  'cache-control' => 'max-age=0',
  'connection' => 'keep-alive',
  'host' => '127.0.0.1:7788',
  'content-length' => '',
  'content-type' => '',
)
[ info ] [ PARAM ] array (
)
---------------------------------------------------------------

[2020-05-08T21:08:05+08:00] 127.0.0.1 GET 127.0.0.1:7788/public/verify/index/index
[运行时间：0.050299s] [吞吐率：19.88req/s] [内存消耗：2,678.01kb] [文件加载：97]
[ info ] [ LANG ] C:\#ThinkPhp\thinkphp5\thinkphp\lang\zh-cn.php
[ info ] [ ROUTE ] array (
)
[ info ] [ HEADER ] array (
  'cookie' => 'thinkphp_show_page_trace=1|4; log=0; _ga=GA1.1.1732484588.1573550797; PHPSESSID=iosgif714jtb1q025fph7ast23',
  'accept-language' => 'zh-CN,zh;q=0.9',
  'accept-encoding' => 'gzip, deflate, br',
  'accept' => 'text/html,application/xhtml+xml,application/xml;q=0.9,image/webp,image/apng,*/*;q=0.8',
  'user-agent' => 'Mozilla/5.0 (Windows NT 10.0; Win64; x64) AppleWebKit/537.36 (KHTML, like Gecko) Chrome/67.0.3396.79 Safari/537.36',
  'upgrade-insecure-requests' => '1',
  'cache-control' => 'max-age=0',
  'connection' => 'keep-alive',
  'host' => '127.0.0.1:7788',
  'content-length' => '',
  'content-type' => '',
)
[ info ] [ PARAM ] array (
)
[ error ] [2]strstr(): Empty needle[C:\#ThinkPhp\thinkphp5\application\common\validate\Test.php:38]
---------------------------------------------------------------

[2020-05-08T21:08:46+08:00] 127.0.0.1 GET 127.0.0.1:7788/public/verify/index/index
[运行时间：0.049148s] [吞吐率：20.35req/s] [内存消耗：2,678.44kb] [文件加载：97]
[ info ] [ LANG ] C:\#ThinkPhp\thinkphp5\thinkphp\lang\zh-cn.php
[ info ] [ ROUTE ] array (
)
[ info ] [ HEADER ] array (
  'cookie' => 'thinkphp_show_page_trace=1|4; log=0; _ga=GA1.1.1732484588.1573550797; PHPSESSID=iosgif714jtb1q025fph7ast23',
  'accept-language' => 'zh-CN,zh;q=0.9',
  'accept-encoding' => 'gzip, deflate, br',
  'accept' => 'text/html,application/xhtml+xml,application/xml;q=0.9,image/webp,image/apng,*/*;q=0.8',
  'user-agent' => 'Mozilla/5.0 (Windows NT 10.0; Win64; x64) AppleWebKit/537.36 (KHTML, like Gecko) Chrome/67.0.3396.79 Safari/537.36',
  'upgrade-insecure-requests' => '1',
  'cache-control' => 'max-age=0',
  'connection' => 'keep-alive',
  'host' => '127.0.0.1:7788',
  'content-length' => '',
  'content-type' => '',
)
[ info ] [ PARAM ] array (
)
[ error ] [2]strstr(): Empty needle[C:\#ThinkPhp\thinkphp5\application\common\validate\Test.php:39]
---------------------------------------------------------------

[2020-05-08T21:08:47+08:00] 127.0.0.1 GET 127.0.0.1:7788/public/verify/index/index
[运行时间：0.038317s] [吞吐率：26.10req/s] [内存消耗：2,678.44kb] [文件加载：97]
[ info ] [ LANG ] C:\#ThinkPhp\thinkphp5\thinkphp\lang\zh-cn.php
[ info ] [ ROUTE ] array (
)
[ info ] [ HEADER ] array (
  'cookie' => 'thinkphp_show_page_trace=1|4; log=0; _ga=GA1.1.1732484588.1573550797; PHPSESSID=iosgif714jtb1q025fph7ast23',
  'accept-language' => 'zh-CN,zh;q=0.9',
  'accept-encoding' => 'gzip, deflate, br',
  'accept' => 'text/html,application/xhtml+xml,application/xml;q=0.9,image/webp,image/apng,*/*;q=0.8',
  'user-agent' => 'Mozilla/5.0 (Windows NT 10.0; Win64; x64) AppleWebKit/537.36 (KHTML, like Gecko) Chrome/67.0.3396.79 Safari/537.36',
  'upgrade-insecure-requests' => '1',
  'cache-control' => 'max-age=0',
  'connection' => 'keep-alive',
  'host' => '127.0.0.1:7788',
  'content-length' => '',
  'content-type' => '',
)
[ info ] [ PARAM ] array (
)
[ error ] [2]strstr(): Empty needle[C:\#ThinkPhp\thinkphp5\application\common\validate\Test.php:39]
---------------------------------------------------------------

[2020-05-08T21:09:03+08:00] 127.0.0.1 GET 127.0.0.1:7788/public/verify/index/index
[运行时间：0.041625s] [吞吐率：24.02req/s] [内存消耗：2,681.04kb] [文件加载：98]
[ info ] [ LANG ] C:\#ThinkPhp\thinkphp5\thinkphp\lang\zh-cn.php
[ info ] [ ROUTE ] array (
)
[ info ] [ HEADER ] array (
  'cookie' => 'thinkphp_show_page_trace=1|4; log=0; _ga=GA1.1.1732484588.1573550797; PHPSESSID=iosgif714jtb1q025fph7ast23',
  'accept-language' => 'zh-CN,zh;q=0.9',
  'accept-encoding' => 'gzip, deflate, br',
  'accept' => 'text/html,application/xhtml+xml,application/xml;q=0.9,image/webp,image/apng,*/*;q=0.8',
  'user-agent' => 'Mozilla/5.0 (Windows NT 10.0; Win64; x64) AppleWebKit/537.36 (KHTML, like Gecko) Chrome/67.0.3396.79 Safari/537.36',
  'upgrade-insecure-requests' => '1',
  'cache-control' => 'max-age=0',
  'connection' => 'keep-alive',
  'host' => '127.0.0.1:7788',
  'content-length' => '',
  'content-type' => '',
)
[ info ] [ PARAM ] array (
)
[ error ] [2]strstr(): Empty needle[C:\#ThinkPhp\thinkphp5\application\common\validate\Test.php:40]
---------------------------------------------------------------

[2020-05-08T21:09:48+08:00] 127.0.0.1 GET 127.0.0.1:7788/public/verify/index/index
[运行时间：0.042956s] [吞吐率：23.28req/s] [内存消耗：2,548.09kb] [文件加载：93]
[ info ] [ LANG ] C:\#ThinkPhp\thinkphp5\thinkphp\lang\zh-cn.php
[ info ] [ ROUTE ] array (
)
[ info ] [ HEADER ] array (
  'cookie' => 'thinkphp_show_page_trace=1|4; log=0; _ga=GA1.1.1732484588.1573550797; PHPSESSID=iosgif714jtb1q025fph7ast23',
  'accept-language' => 'zh-CN,zh;q=0.9',
  'accept-encoding' => 'gzip, deflate, br',
  'accept' => 'text/html,application/xhtml+xml,application/xml;q=0.9,image/webp,image/apng,*/*;q=0.8',
  'user-agent' => 'Mozilla/5.0 (Windows NT 10.0; Win64; x64) AppleWebKit/537.36 (KHTML, like Gecko) Chrome/67.0.3396.79 Safari/537.36',
  'upgrade-insecure-requests' => '1',
  'cache-control' => 'max-age=0',
  'connection' => 'keep-alive',
  'host' => '127.0.0.1:7788',
  'content-length' => '',
  'content-type' => '',
)
[ info ] [ PARAM ] array (
)
---------------------------------------------------------------

[2020-05-08T21:09:59+08:00] 127.0.0.1 GET 127.0.0.1:7788/public/verify/index/index
[运行时间：0.039266s] [吞吐率：25.47req/s] [内存消耗：2,548.49kb] [文件加载：93]
[ info ] [ LANG ] C:\#ThinkPhp\thinkphp5\thinkphp\lang\zh-cn.php
[ info ] [ ROUTE ] array (
)
[ info ] [ HEADER ] array (
  'cookie' => 'thinkphp_show_page_trace=1|4; log=0; _ga=GA1.1.1732484588.1573550797; PHPSESSID=iosgif714jtb1q025fph7ast23',
  'accept-language' => 'zh-CN,zh;q=0.9',
  'accept-encoding' => 'gzip, deflate, br',
  'accept' => 'text/html,application/xhtml+xml,application/xml;q=0.9,image/webp,image/apng,*/*;q=0.8',
  'user-agent' => 'Mozilla/5.0 (Windows NT 10.0; Win64; x64) AppleWebKit/537.36 (KHTML, like Gecko) Chrome/67.0.3396.79 Safari/537.36',
  'upgrade-insecure-requests' => '1',
  'cache-control' => 'max-age=0',
  'connection' => 'keep-alive',
  'host' => '127.0.0.1:7788',
  'content-length' => '',
  'content-type' => '',
)
[ info ] [ PARAM ] array (
)
---------------------------------------------------------------

[2020-05-08T21:12:58+08:00] 127.0.0.1 GET 127.0.0.1:7788/public/verify/index/index
[运行时间：0.045973s] [吞吐率：21.75req/s] [内存消耗：2,548.44kb] [文件加载：93]
[ info ] [ LANG ] C:\#ThinkPhp\thinkphp5\thinkphp\lang\zh-cn.php
[ info ] [ ROUTE ] array (
)
[ info ] [ HEADER ] array (
  'cookie' => 'thinkphp_show_page_trace=1|4; log=0; _ga=GA1.1.1732484588.1573550797; PHPSESSID=iosgif714jtb1q025fph7ast23',
  'accept-language' => 'zh-CN,zh;q=0.9',
  'accept-encoding' => 'gzip, deflate, br',
  'accept' => 'text/html,application/xhtml+xml,application/xml;q=0.9,image/webp,image/apng,*/*;q=0.8',
  'user-agent' => 'Mozilla/5.0 (Windows NT 10.0; Win64; x64) AppleWebKit/537.36 (KHTML, like Gecko) Chrome/67.0.3396.79 Safari/537.36',
  'upgrade-insecure-requests' => '1',
  'cache-control' => 'max-age=0',
  'connection' => 'keep-alive',
  'host' => '127.0.0.1:7788',
  'content-length' => '',
  'content-type' => '',
)
[ info ] [ PARAM ] array (
)
---------------------------------------------------------------

[2020-05-08T21:13:12+08:00] 127.0.0.1 GET 127.0.0.1:7788/public/verify/index/index
[运行时间：0.040859s] [吞吐率：24.47req/s] [内存消耗：2,548.50kb] [文件加载：93]
[ info ] [ LANG ] C:\#ThinkPhp\thinkphp5\thinkphp\lang\zh-cn.php
[ info ] [ ROUTE ] array (
)
[ info ] [ HEADER ] array (
  'cookie' => 'thinkphp_show_page_trace=1|4; log=0; _ga=GA1.1.1732484588.1573550797; PHPSESSID=iosgif714jtb1q025fph7ast23',
  'accept-language' => 'zh-CN,zh;q=0.9',
  'accept-encoding' => 'gzip, deflate, br',
  'accept' => 'text/html,application/xhtml+xml,application/xml;q=0.9,image/webp,image/apng,*/*;q=0.8',
  'user-agent' => 'Mozilla/5.0 (Windows NT 10.0; Win64; x64) AppleWebKit/537.36 (KHTML, like Gecko) Chrome/67.0.3396.79 Safari/537.36',
  'upgrade-insecure-requests' => '1',
  'cache-control' => 'max-age=0',
  'connection' => 'keep-alive',
  'host' => '127.0.0.1:7788',
  'content-length' => '',
  'content-type' => '',
)
[ info ] [ PARAM ] array (
)
---------------------------------------------------------------

[2020-05-08T21:13:45+08:00] 127.0.0.1 GET 127.0.0.1:7788/public/verify/index/index
[运行时间：0.038367s] [吞吐率：26.06req/s] [内存消耗：2,548.44kb] [文件加载：93]
[ info ] [ LANG ] C:\#ThinkPhp\thinkphp5\thinkphp\lang\zh-cn.php
[ info ] [ ROUTE ] array (
)
[ info ] [ HEADER ] array (
  'cookie' => 'thinkphp_show_page_trace=1|4; log=0; _ga=GA1.1.1732484588.1573550797; PHPSESSID=iosgif714jtb1q025fph7ast23',
  'accept-language' => 'zh-CN,zh;q=0.9',
  'accept-encoding' => 'gzip, deflate, br',
  'accept' => 'text/html,application/xhtml+xml,application/xml;q=0.9,image/webp,image/apng,*/*;q=0.8',
  'user-agent' => 'Mozilla/5.0 (Windows NT 10.0; Win64; x64) AppleWebKit/537.36 (KHTML, like Gecko) Chrome/67.0.3396.79 Safari/537.36',
  'upgrade-insecure-requests' => '1',
  'cache-control' => 'max-age=0',
  'connection' => 'keep-alive',
  'host' => '127.0.0.1:7788',
  'content-length' => '',
  'content-type' => '',
)
[ info ] [ PARAM ] array (
)
---------------------------------------------------------------

[2020-05-08T21:14:01+08:00] 127.0.0.1 GET 127.0.0.1:7788/public/verify/index/index
[运行时间：0.038644s] [吞吐率：25.88req/s] [内存消耗：2,548.44kb] [文件加载：93]
[ info ] [ LANG ] C:\#ThinkPhp\thinkphp5\thinkphp\lang\zh-cn.php
[ info ] [ ROUTE ] array (
)
[ info ] [ HEADER ] array (
  'cookie' => 'thinkphp_show_page_trace=1|4; log=0; _ga=GA1.1.1732484588.1573550797; PHPSESSID=iosgif714jtb1q025fph7ast23',
  'accept-language' => 'zh-CN,zh;q=0.9',
  'accept-encoding' => 'gzip, deflate, br',
  'accept' => 'text/html,application/xhtml+xml,application/xml;q=0.9,image/webp,image/apng,*/*;q=0.8',
  'user-agent' => 'Mozilla/5.0 (Windows NT 10.0; Win64; x64) AppleWebKit/537.36 (KHTML, like Gecko) Chrome/67.0.3396.79 Safari/537.36',
  'upgrade-insecure-requests' => '1',
  'cache-control' => 'max-age=0',
  'connection' => 'keep-alive',
  'host' => '127.0.0.1:7788',
  'content-length' => '',
  'content-type' => '',
)
[ info ] [ PARAM ] array (
)
---------------------------------------------------------------

[2020-05-08T21:14:02+08:00] 127.0.0.1 GET 127.0.0.1:7788/public/verify/index/index
[运行时间：0.035878s] [吞吐率：27.87req/s] [内存消耗：2,548.44kb] [文件加载：93]
[ info ] [ LANG ] C:\#ThinkPhp\thinkphp5\thinkphp\lang\zh-cn.php
[ info ] [ ROUTE ] array (
)
[ info ] [ HEADER ] array (
  'cookie' => 'thinkphp_show_page_trace=1|4; log=0; _ga=GA1.1.1732484588.1573550797; PHPSESSID=iosgif714jtb1q025fph7ast23',
  'accept-language' => 'zh-CN,zh;q=0.9',
  'accept-encoding' => 'gzip, deflate, br',
  'accept' => 'text/html,application/xhtml+xml,application/xml;q=0.9,image/webp,image/apng,*/*;q=0.8',
  'user-agent' => 'Mozilla/5.0 (Windows NT 10.0; Win64; x64) AppleWebKit/537.36 (KHTML, like Gecko) Chrome/67.0.3396.79 Safari/537.36',
  'upgrade-insecure-requests' => '1',
  'cache-control' => 'max-age=0',
  'connection' => 'keep-alive',
  'host' => '127.0.0.1:7788',
  'content-length' => '',
  'content-type' => '',
)
[ info ] [ PARAM ] array (
)
---------------------------------------------------------------

[2020-05-08T21:14:06+08:00] 127.0.0.1 GET 127.0.0.1:7788/public/verify/index/index
[运行时间：0.038597s] [吞吐率：25.91req/s] [内存消耗：2,548.50kb] [文件加载：93]
[ info ] [ LANG ] C:\#ThinkPhp\thinkphp5\thinkphp\lang\zh-cn.php
[ info ] [ ROUTE ] array (
)
[ info ] [ HEADER ] array (
  'cookie' => 'thinkphp_show_page_trace=1|4; log=0; _ga=GA1.1.1732484588.1573550797; PHPSESSID=iosgif714jtb1q025fph7ast23',
  'accept-language' => 'zh-CN,zh;q=0.9',
  'accept-encoding' => 'gzip, deflate, br',
  'accept' => 'text/html,application/xhtml+xml,application/xml;q=0.9,image/webp,image/apng,*/*;q=0.8',
  'user-agent' => 'Mozilla/5.0 (Windows NT 10.0; Win64; x64) AppleWebKit/537.36 (KHTML, like Gecko) Chrome/67.0.3396.79 Safari/537.36',
  'upgrade-insecure-requests' => '1',
  'cache-control' => 'max-age=0',
  'connection' => 'keep-alive',
  'host' => '127.0.0.1:7788',
  'content-length' => '',
  'content-type' => '',
)
[ info ] [ PARAM ] array (
)
---------------------------------------------------------------

[2020-05-08T21:17:12+08:00] 127.0.0.1 GET 127.0.0.1:7788/public/verify/index/index
[运行时间：0.055328s] [吞吐率：18.07req/s] [内存消耗：2,548.59kb] [文件加载：93]
[ info ] [ LANG ] C:\#ThinkPhp\thinkphp5\thinkphp\lang\zh-cn.php
[ info ] [ ROUTE ] array (
)
[ info ] [ HEADER ] array (
  'cookie' => 'thinkphp_show_page_trace=1|4; log=0; _ga=GA1.1.1732484588.1573550797; PHPSESSID=iosgif714jtb1q025fph7ast23',
  'accept-language' => 'zh-CN,zh;q=0.9',
  'accept-encoding' => 'gzip, deflate, br',
  'accept' => 'text/html,application/xhtml+xml,application/xml;q=0.9,image/webp,image/apng,*/*;q=0.8',
  'user-agent' => 'Mozilla/5.0 (Windows NT 10.0; Win64; x64) AppleWebKit/537.36 (KHTML, like Gecko) Chrome/67.0.3396.79 Safari/537.36',
  'upgrade-insecure-requests' => '1',
  'cache-control' => 'max-age=0',
  'connection' => 'keep-alive',
  'host' => '127.0.0.1:7788',
  'content-length' => '',
  'content-type' => '',
)
[ info ] [ PARAM ] array (
)
---------------------------------------------------------------

[2020-05-08T21:17:17+08:00] 127.0.0.1 GET 127.0.0.1:7788/public/verify/index/index
[运行时间：0.038890s] [吞吐率：25.71req/s] [内存消耗：2,548.64kb] [文件加载：93]
[ info ] [ LANG ] C:\#ThinkPhp\thinkphp5\thinkphp\lang\zh-cn.php
[ info ] [ ROUTE ] array (
)
[ info ] [ HEADER ] array (
  'cookie' => 'thinkphp_show_page_trace=1|4; log=0; _ga=GA1.1.1732484588.1573550797; PHPSESSID=iosgif714jtb1q025fph7ast23',
  'accept-language' => 'zh-CN,zh;q=0.9',
  'accept-encoding' => 'gzip, deflate, br',
  'accept' => 'text/html,application/xhtml+xml,application/xml;q=0.9,image/webp,image/apng,*/*;q=0.8',
  'user-agent' => 'Mozilla/5.0 (Windows NT 10.0; Win64; x64) AppleWebKit/537.36 (KHTML, like Gecko) Chrome/67.0.3396.79 Safari/537.36',
  'upgrade-insecure-requests' => '1',
  'cache-control' => 'max-age=0',
  'connection' => 'keep-alive',
  'host' => '127.0.0.1:7788',
  'content-length' => '',
  'content-type' => '',
)
[ info ] [ PARAM ] array (
)
---------------------------------------------------------------

[2020-05-08T21:19:01+08:00] 127.0.0.1 GET 127.0.0.1:7788/public/verify/index/index
[运行时间：0.036159s] [吞吐率：27.66req/s] [内存消耗：2,549.20kb] [文件加载：93]
[ info ] [ LANG ] C:\#ThinkPhp\thinkphp5\thinkphp\lang\zh-cn.php
[ info ] [ ROUTE ] array (
)
[ info ] [ HEADER ] array (
  'cookie' => 'thinkphp_show_page_trace=1|4; log=0; _ga=GA1.1.1732484588.1573550797; PHPSESSID=iosgif714jtb1q025fph7ast23',
  'accept-language' => 'zh-CN,zh;q=0.9',
  'accept-encoding' => 'gzip, deflate, br',
  'accept' => 'text/html,application/xhtml+xml,application/xml;q=0.9,image/webp,image/apng,*/*;q=0.8',
  'user-agent' => 'Mozilla/5.0 (Windows NT 10.0; Win64; x64) AppleWebKit/537.36 (KHTML, like Gecko) Chrome/67.0.3396.79 Safari/537.36',
  'upgrade-insecure-requests' => '1',
  'cache-control' => 'max-age=0',
  'connection' => 'keep-alive',
  'host' => '127.0.0.1:7788',
  'content-length' => '',
  'content-type' => '',
)
[ info ] [ PARAM ] array (
)
---------------------------------------------------------------

[2020-05-08T21:21:19+08:00] 127.0.0.1 GET 127.0.0.1:7788/public/verify/index/index
[运行时间：0.048150s] [吞吐率：20.77req/s] [内存消耗：2,549.18kb] [文件加载：93]
[ info ] [ LANG ] C:\#ThinkPhp\thinkphp5\thinkphp\lang\zh-cn.php
[ info ] [ ROUTE ] array (
)
[ info ] [ HEADER ] array (
  'cookie' => 'thinkphp_show_page_trace=1|4; log=0; _ga=GA1.1.1732484588.1573550797; PHPSESSID=iosgif714jtb1q025fph7ast23',
  'accept-language' => 'zh-CN,zh;q=0.9',
  'accept-encoding' => 'gzip, deflate, br',
  'accept' => 'text/html,application/xhtml+xml,application/xml;q=0.9,image/webp,image/apng,*/*;q=0.8',
  'user-agent' => 'Mozilla/5.0 (Windows NT 10.0; Win64; x64) AppleWebKit/537.36 (KHTML, like Gecko) Chrome/67.0.3396.79 Safari/537.36',
  'upgrade-insecure-requests' => '1',
  'cache-control' => 'max-age=0',
  'connection' => 'keep-alive',
  'host' => '127.0.0.1:7788',
  'content-length' => '',
  'content-type' => '',
)
[ info ] [ PARAM ] array (
)
---------------------------------------------------------------

[2020-05-08T21:21:23+08:00] 127.0.0.1 GET 127.0.0.1:7788/public/verify/index/index
[运行时间：0.039785s] [吞吐率：25.14req/s] [内存消耗：2,549.20kb] [文件加载：93]
[ info ] [ LANG ] C:\#ThinkPhp\thinkphp5\thinkphp\lang\zh-cn.php
[ info ] [ ROUTE ] array (
)
[ info ] [ HEADER ] array (
  'cookie' => 'thinkphp_show_page_trace=1|4; log=0; _ga=GA1.1.1732484588.1573550797; PHPSESSID=iosgif714jtb1q025fph7ast23',
  'accept-language' => 'zh-CN,zh;q=0.9',
  'accept-encoding' => 'gzip, deflate, br',
  'accept' => 'text/html,application/xhtml+xml,application/xml;q=0.9,image/webp,image/apng,*/*;q=0.8',
  'user-agent' => 'Mozilla/5.0 (Windows NT 10.0; Win64; x64) AppleWebKit/537.36 (KHTML, like Gecko) Chrome/67.0.3396.79 Safari/537.36',
  'upgrade-insecure-requests' => '1',
  'cache-control' => 'max-age=0',
  'connection' => 'keep-alive',
  'host' => '127.0.0.1:7788',
  'content-length' => '',
  'content-type' => '',
)
[ info ] [ PARAM ] array (
)
---------------------------------------------------------------

[2020-05-08T23:57:45+08:00] 127.0.0.1 GET 127.0.0.1:7788/public/verify/index/index
[运行时间：0.061809s] [吞吐率：16.18req/s] [内存消耗：2,549.47kb] [文件加载：93]
[ info ] [ LANG ] C:\#ThinkPhp\thinkphp5\thinkphp\lang\zh-cn.php
[ info ] [ ROUTE ] array (
)
[ info ] [ HEADER ] array (
  'cookie' => 'thinkphp_show_page_trace=1|4; log=0; _ga=GA1.1.1732484588.1573550797; PHPSESSID=iosgif714jtb1q025fph7ast23',
  'accept-language' => 'zh-CN,zh;q=0.9',
  'accept-encoding' => 'gzip, deflate, br',
  'accept' => 'text/html,application/xhtml+xml,application/xml;q=0.9,image/webp,image/apng,*/*;q=0.8',
  'user-agent' => 'Mozilla/5.0 (Windows NT 10.0; Win64; x64) AppleWebKit/537.36 (KHTML, like Gecko) Chrome/67.0.3396.79 Safari/537.36',
  'upgrade-insecure-requests' => '1',
  'cache-control' => 'max-age=0',
  'connection' => 'keep-alive',
  'host' => '127.0.0.1:7788',
  'content-length' => '',
  'content-type' => '',
)
[ info ] [ PARAM ] array (
)
---------------------------------------------------------------

[2020-05-08T23:59:50+08:00] 127.0.0.1 GET 127.0.0.1:7788/public/verify/index/index
[运行时间：0.058316s] [吞吐率：17.15req/s] [内存消耗：2,550.02kb] [文件加载：93]
[ info ] [ LANG ] C:\#ThinkPhp\thinkphp5\thinkphp\lang\zh-cn.php
[ info ] [ ROUTE ] array (
)
[ info ] [ HEADER ] array (
  'cookie' => 'thinkphp_show_page_trace=1|4; log=0; _ga=GA1.1.1732484588.1573550797; PHPSESSID=iosgif714jtb1q025fph7ast23',
  'accept-language' => 'zh-CN,zh;q=0.9',
  'accept-encoding' => 'gzip, deflate, br',
  'accept' => 'text/html,application/xhtml+xml,application/xml;q=0.9,image/webp,image/apng,*/*;q=0.8',
  'user-agent' => 'Mozilla/5.0 (Windows NT 10.0; Win64; x64) AppleWebKit/537.36 (KHTML, like Gecko) Chrome/67.0.3396.79 Safari/537.36',
  'upgrade-insecure-requests' => '1',
  'cache-control' => 'max-age=0',
  'connection' => 'keep-alive',
  'host' => '127.0.0.1:7788',
  'content-length' => '',
  'content-type' => '',
)
[ info ] [ PARAM ] array (
)
---------------------------------------------------------------

[2020-05-08T23:59:51+08:00] 127.0.0.1 GET 127.0.0.1:7788/public/verify/index/index
[运行时间：0.043195s] [吞吐率：23.15req/s] [内存消耗：2,550.02kb] [文件加载：93]
[ info ] [ LANG ] C:\#ThinkPhp\thinkphp5\thinkphp\lang\zh-cn.php
[ info ] [ ROUTE ] array (
)
[ info ] [ HEADER ] array (
  'cookie' => 'thinkphp_show_page_trace=1|4; log=0; _ga=GA1.1.1732484588.1573550797; PHPSESSID=iosgif714jtb1q025fph7ast23',
  'accept-language' => 'zh-CN,zh;q=0.9',
  'accept-encoding' => 'gzip, deflate, br',
  'accept' => 'text/html,application/xhtml+xml,application/xml;q=0.9,image/webp,image/apng,*/*;q=0.8',
  'user-agent' => 'Mozilla/5.0 (Windows NT 10.0; Win64; x64) AppleWebKit/537.36 (KHTML, like Gecko) Chrome/67.0.3396.79 Safari/537.36',
  'upgrade-insecure-requests' => '1',
  'cache-control' => 'max-age=0',
  'connection' => 'keep-alive',
  'host' => '127.0.0.1:7788',
  'content-length' => '',
  'content-type' => '',
)
[ info ] [ PARAM ] array (
)
