---------------------------------------------------------------

[2020-05-10T01:53:19+08:00] 127.0.0.1 GET 127.0.0.1:7788/public/sundry/index/cookie
[运行时间：0.105678s] [吞吐率：9.46req/s] [内存消耗：2,423.86kb] [文件加载：92]
[ info ] [ LANG ] C:\#ThinkPhp\thinkphp5\thinkphp\lang\zh-cn.php
[ info ] [ ROUTE ] array (
)
[ info ] [ HEADER ] array (
  'cookie' => 'thinkphp_show_page_trace=1|4; log=0; _ga=GA1.1.1732484588.1573550797; PHPSESSID=iosgif714jtb1q025fph7ast23',
  'accept-language' => 'zh-CN,zh;q=0.9',
  'accept-encoding' => 'gzip, deflate, br',
  'accept' => 'text/html,application/xhtml+xml,application/xml;q=0.9,image/webp,image/apng,*/*;q=0.8',
  'user-agent' => 'Mozilla/5.0 (Windows NT 10.0; Win64; x64) AppleWebKit/537.36 (KHTML, like Gecko) Chrome/67.0.3396.79 Safari/537.36',
  'upgrade-insecure-requests' => '1',
  'connection' => 'keep-alive',
  'host' => '127.0.0.1:7788',
  'content-length' => '',
  'content-type' => '',
)
[ info ] [ PARAM ] array (
)
---------------------------------------------------------------

[2020-05-10T01:53:29+08:00] 127.0.0.1 GET 127.0.0.1:7788/public/sundry/index/cookie
[运行时间：0.035557s] [吞吐率：28.12req/s] [内存消耗：2,423.98kb] [文件加载：92]
[ info ] [ LANG ] C:\#ThinkPhp\thinkphp5\thinkphp\lang\zh-cn.php
[ info ] [ ROUTE ] array (
)
[ info ] [ HEADER ] array (
  'cookie' => 'thinkphp_show_page_trace=1|4; log=0; _ga=GA1.1.1732484588.1573550797; PHPSESSID=iosgif714jtb1q025fph7ast23; sk_test=%E6%B5%8B%E8%AF%95',
  'accept-language' => 'zh-CN,zh;q=0.9',
  'accept-encoding' => 'gzip, deflate, br',
  'accept' => 'text/html,application/xhtml+xml,application/xml;q=0.9,image/webp,image/apng,*/*;q=0.8',
  'user-agent' => 'Mozilla/5.0 (Windows NT 10.0; Win64; x64) AppleWebKit/537.36 (KHTML, like Gecko) Chrome/67.0.3396.79 Safari/537.36',
  'upgrade-insecure-requests' => '1',
  'cache-control' => 'no-cache',
  'pragma' => 'no-cache',
  'connection' => 'keep-alive',
  'host' => '127.0.0.1:7788',
  'content-length' => '',
  'content-type' => '',
)
[ info ] [ PARAM ] array (
)
---------------------------------------------------------------

[2020-05-10T01:55:00+08:00] 127.0.0.1 GET 127.0.0.1:7788/public/sundry/index/cookie
[运行时间：0.039493s] [吞吐率：25.32req/s] [内存消耗：2,424.95kb] [文件加载：92]
[ info ] [ LANG ] C:\#ThinkPhp\thinkphp5\thinkphp\lang\zh-cn.php
[ info ] [ ROUTE ] array (
)
[ info ] [ HEADER ] array (
  'cookie' => 'thinkphp_show_page_trace=1|4; log=0; _ga=GA1.1.1732484588.1573550797; PHPSESSID=iosgif714jtb1q025fph7ast23; sk_test=%E6%B5%8B%E8%AF%95',
  'accept-language' => 'zh-CN,zh;q=0.9',
  'accept-encoding' => 'gzip, deflate, br',
  'accept' => 'text/html,application/xhtml+xml,application/xml;q=0.9,image/webp,image/apng,*/*;q=0.8',
  'user-agent' => 'Mozilla/5.0 (Windows NT 10.0; Win64; x64) AppleWebKit/537.36 (KHTML, like Gecko) Chrome/67.0.3396.79 Safari/537.36',
  'upgrade-insecure-requests' => '1',
  'cache-control' => 'no-cache',
  'pragma' => 'no-cache',
  'connection' => 'keep-alive',
  'host' => '127.0.0.1:7788',
  'content-length' => '',
  'content-type' => '',
)
[ info ] [ PARAM ] array (
)
---------------------------------------------------------------

[2020-05-10T01:57:19+08:00] 127.0.0.1 GET 127.0.0.1:7788/public/sundry/index/cookie
[运行时间：0.044837s] [吞吐率：22.30req/s] [内存消耗：2,424.08kb] [文件加载：92]
[ info ] [ LANG ] C:\#ThinkPhp\thinkphp5\thinkphp\lang\zh-cn.php
[ info ] [ ROUTE ] array (
)
[ info ] [ HEADER ] array (
  'cookie' => 'thinkphp_show_page_trace=1|4; log=0; _ga=GA1.1.1732484588.1573550797; PHPSESSID=iosgif714jtb1q025fph7ast23',
  'accept-language' => 'zh-CN,zh;q=0.9',
  'accept-encoding' => 'gzip, deflate, br',
  'accept' => 'text/html,application/xhtml+xml,application/xml;q=0.9,image/webp,image/apng,*/*;q=0.8',
  'user-agent' => 'Mozilla/5.0 (Windows NT 10.0; Win64; x64) AppleWebKit/537.36 (KHTML, like Gecko) Chrome/67.0.3396.79 Safari/537.36',
  'upgrade-insecure-requests' => '1',
  'cache-control' => 'no-cache',
  'pragma' => 'no-cache',
  'connection' => 'keep-alive',
  'host' => '127.0.0.1:7788',
  'content-length' => '',
  'content-type' => '',
)
[ info ] [ PARAM ] array (
)
---------------------------------------------------------------

[2020-05-10T01:59:39+08:00] 127.0.0.1 GET 127.0.0.1:7788/public/sundry/index/cookie
[运行时间：0.042197s] [吞吐率：23.70req/s] [内存消耗：2,424.55kb] [文件加载：92]
[ info ] [ LANG ] C:\#ThinkPhp\thinkphp5\thinkphp\lang\zh-cn.php
[ info ] [ ROUTE ] array (
)
[ info ] [ HEADER ] array (
  'cookie' => 'thinkphp_show_page_trace=1|4; log=0; _ga=GA1.1.1732484588.1573550797; PHPSESSID=iosgif714jtb1q025fph7ast23; sk_test=%E6%B5%8B%E8%AF%95',
  'accept-language' => 'zh-CN,zh;q=0.9',
  'accept-encoding' => 'gzip, deflate, br',
  'accept' => 'text/html,application/xhtml+xml,application/xml;q=0.9,image/webp,image/apng,*/*;q=0.8',
  'user-agent' => 'Mozilla/5.0 (Windows NT 10.0; Win64; x64) AppleWebKit/537.36 (KHTML, like Gecko) Chrome/67.0.3396.79 Safari/537.36',
  'upgrade-insecure-requests' => '1',
  'cache-control' => 'no-cache',
  'pragma' => 'no-cache',
  'connection' => 'keep-alive',
  'host' => '127.0.0.1:7788',
  'content-length' => '',
  'content-type' => '',
)
[ info ] [ PARAM ] array (
)
---------------------------------------------------------------

[2020-05-10T02:00:01+08:00] 127.0.0.1 GET 127.0.0.1:7788/public/sundry/index/cookie
[运行时间：0.041081s] [吞吐率：24.34req/s] [内存消耗：2,424.74kb] [文件加载：92]
[ info ] [ LANG ] C:\#ThinkPhp\thinkphp5\thinkphp\lang\zh-cn.php
[ info ] [ ROUTE ] array (
)
[ info ] [ HEADER ] array (
  'cookie' => 'thinkphp_show_page_trace=1|4; log=0; _ga=GA1.1.1732484588.1573550797; PHPSESSID=iosgif714jtb1q025fph7ast23; sk_test=%E6%B5%8B%E8%AF%95; test_test=%E6%B5%8B%E8%AF%95',
  'accept-language' => 'zh-CN,zh;q=0.9',
  'accept-encoding' => 'gzip, deflate, br',
  'accept' => 'text/html,application/xhtml+xml,application/xml;q=0.9,image/webp,image/apng,*/*;q=0.8',
  'user-agent' => 'Mozilla/5.0 (Windows NT 10.0; Win64; x64) AppleWebKit/537.36 (KHTML, like Gecko) Chrome/67.0.3396.79 Safari/537.36',
  'upgrade-insecure-requests' => '1',
  'cache-control' => 'no-cache',
  'pragma' => 'no-cache',
  'connection' => 'keep-alive',
  'host' => '127.0.0.1:7788',
  'content-length' => '',
  'content-type' => '',
)
[ info ] [ PARAM ] array (
)
---------------------------------------------------------------

[2020-05-10T02:01:25+08:00] 127.0.0.1 GET 127.0.0.1:7788/public/sundry/index/cookie
[运行时间：0.038465s] [吞吐率：26.00req/s] [内存消耗：2,424.06kb] [文件加载：92]
[ info ] [ LANG ] C:\#ThinkPhp\thinkphp5\thinkphp\lang\zh-cn.php
[ info ] [ ROUTE ] array (
)
[ info ] [ HEADER ] array (
  'cookie' => 'thinkphp_show_page_trace=1|4; log=0; _ga=GA1.1.1732484588.1573550797; PHPSESSID=iosgif714jtb1q025fph7ast23; sk_test=%E6%B5%8B%E8%AF%95; test_test=Shikong',
  'accept-language' => 'zh-CN,zh;q=0.9',
  'accept-encoding' => 'gzip, deflate, br',
  'accept' => 'text/html,application/xhtml+xml,application/xml;q=0.9,image/webp,image/apng,*/*;q=0.8',
  'user-agent' => 'Mozilla/5.0 (Windows NT 10.0; Win64; x64) AppleWebKit/537.36 (KHTML, like Gecko) Chrome/67.0.3396.79 Safari/537.36',
  'upgrade-insecure-requests' => '1',
  'cache-control' => 'no-cache',
  'pragma' => 'no-cache',
  'connection' => 'keep-alive',
  'host' => '127.0.0.1:7788',
  'content-length' => '',
  'content-type' => '',
)
[ info ] [ PARAM ] array (
)
---------------------------------------------------------------

[2020-05-10T02:02:30+08:00] 127.0.0.1 GET 127.0.0.1:7788/public/sundry/index/cookie
[运行时间：0.062296s] [吞吐率：16.05req/s] [内存消耗：2,427.28kb] [文件加载：93]
[ info ] [ LANG ] C:\#ThinkPhp\thinkphp5\thinkphp\lang\zh-cn.php
[ info ] [ ROUTE ] array (
)
[ info ] [ HEADER ] array (
  'cookie' => 'thinkphp_show_page_trace=1|4; log=0; _ga=GA1.1.1732484588.1573550797; PHPSESSID=iosgif714jtb1q025fph7ast23; sk_test=%E6%B5%8B%E8%AF%95; test_test=Shikong; sk_testForever=Shikong',
  'accept-language' => 'zh-CN,zh;q=0.9',
  'accept-encoding' => 'gzip, deflate, br',
  'accept' => 'text/html,application/xhtml+xml,application/xml;q=0.9,image/webp,image/apng,*/*;q=0.8',
  'user-agent' => 'Mozilla/5.0 (Windows NT 10.0; Win64; x64) AppleWebKit/537.36 (KHTML, like Gecko) Chrome/67.0.3396.79 Safari/537.36',
  'upgrade-insecure-requests' => '1',
  'cache-control' => 'no-cache',
  'pragma' => 'no-cache',
  'connection' => 'keep-alive',
  'host' => '127.0.0.1:7788',
  'content-length' => '',
  'content-type' => '',
)
[ info ] [ PARAM ] array (
)
---------------------------------------------------------------

[2020-05-10T02:02:55+08:00] 127.0.0.1 GET 127.0.0.1:7788/public/sundry/index/cookie
[运行时间：0.043252s] [吞吐率：23.12req/s] [内存消耗：2,427.78kb] [文件加载：93]
[ info ] [ LANG ] C:\#ThinkPhp\thinkphp5\thinkphp\lang\zh-cn.php
[ info ] [ ROUTE ] array (
)
[ info ] [ HEADER ] array (
  'cookie' => 'thinkphp_show_page_trace=1|4; log=0; _ga=GA1.1.1732484588.1573550797; PHPSESSID=iosgif714jtb1q025fph7ast23; sk_test=%E6%B5%8B%E8%AF%95; test_test=Shikong; sk_testForever=Shikong',
  'accept-language' => 'zh-CN,zh;q=0.9',
  'accept-encoding' => 'gzip, deflate, br',
  'accept' => 'text/html,application/xhtml+xml,application/xml;q=0.9,image/webp,image/apng,*/*;q=0.8',
  'user-agent' => 'Mozilla/5.0 (Windows NT 10.0; Win64; x64) AppleWebKit/537.36 (KHTML, like Gecko) Chrome/67.0.3396.79 Safari/537.36',
  'upgrade-insecure-requests' => '1',
  'cache-control' => 'no-cache',
  'pragma' => 'no-cache',
  'connection' => 'keep-alive',
  'host' => '127.0.0.1:7788',
  'content-length' => '',
  'content-type' => '',
)
[ info ] [ PARAM ] array (
)
---------------------------------------------------------------

[2020-05-10T02:03:03+08:00] 127.0.0.1 GET 127.0.0.1:7788/public/sundry/index/cookie
[运行时间：0.037439s] [吞吐率：26.71req/s] [内存消耗：2,427.78kb] [文件加载：93]
[ info ] [ LANG ] C:\#ThinkPhp\thinkphp5\thinkphp\lang\zh-cn.php
[ info ] [ ROUTE ] array (
)
[ info ] [ HEADER ] array (
  'cookie' => 'thinkphp_show_page_trace=1|4; log=0; _ga=GA1.1.1732484588.1573550797; PHPSESSID=iosgif714jtb1q025fph7ast23; sk_test=%E6%B5%8B%E8%AF%95; test_test=Shikong; sk_testForever=Shikong',
  'accept-language' => 'zh-CN,zh;q=0.9',
  'accept-encoding' => 'gzip, deflate, br',
  'accept' => 'text/html,application/xhtml+xml,application/xml;q=0.9,image/webp,image/apng,*/*;q=0.8',
  'user-agent' => 'Mozilla/5.0 (Windows NT 10.0; Win64; x64) AppleWebKit/537.36 (KHTML, like Gecko) Chrome/67.0.3396.79 Safari/537.36',
  'upgrade-insecure-requests' => '1',
  'cache-control' => 'no-cache',
  'pragma' => 'no-cache',
  'connection' => 'keep-alive',
  'host' => '127.0.0.1:7788',
  'content-length' => '',
  'content-type' => '',
)
[ info ] [ PARAM ] array (
)
---------------------------------------------------------------

[2020-05-10T02:03:03+08:00] 127.0.0.1 GET 127.0.0.1:7788/public/sundry/index/cookie
[运行时间：0.035768s] [吞吐率：27.96req/s] [内存消耗：2,427.78kb] [文件加载：93]
[ info ] [ LANG ] C:\#ThinkPhp\thinkphp5\thinkphp\lang\zh-cn.php
[ info ] [ ROUTE ] array (
)
[ info ] [ HEADER ] array (
  'cookie' => 'thinkphp_show_page_trace=1|4; log=0; _ga=GA1.1.1732484588.1573550797; PHPSESSID=iosgif714jtb1q025fph7ast23; sk_test=%E6%B5%8B%E8%AF%95; test_test=Shikong; sk_testForever=Shikong',
  'accept-language' => 'zh-CN,zh;q=0.9',
  'accept-encoding' => 'gzip, deflate, br',
  'accept' => 'text/html,application/xhtml+xml,application/xml;q=0.9,image/webp,image/apng,*/*;q=0.8',
  'user-agent' => 'Mozilla/5.0 (Windows NT 10.0; Win64; x64) AppleWebKit/537.36 (KHTML, like Gecko) Chrome/67.0.3396.79 Safari/537.36',
  'upgrade-insecure-requests' => '1',
  'cache-control' => 'no-cache',
  'pragma' => 'no-cache',
  'connection' => 'keep-alive',
  'host' => '127.0.0.1:7788',
  'content-length' => '',
  'content-type' => '',
)
[ info ] [ PARAM ] array (
)
---------------------------------------------------------------

[2020-05-10T02:03:03+08:00] 127.0.0.1 GET 127.0.0.1:7788/public/sundry/index/cookie
[运行时间：0.036095s] [吞吐率：27.70req/s] [内存消耗：2,427.78kb] [文件加载：93]
[ info ] [ LANG ] C:\#ThinkPhp\thinkphp5\thinkphp\lang\zh-cn.php
[ info ] [ ROUTE ] array (
)
[ info ] [ HEADER ] array (
  'cookie' => 'thinkphp_show_page_trace=1|4; log=0; _ga=GA1.1.1732484588.1573550797; PHPSESSID=iosgif714jtb1q025fph7ast23; sk_test=%E6%B5%8B%E8%AF%95; test_test=Shikong; sk_testForever=Shikong',
  'accept-language' => 'zh-CN,zh;q=0.9',
  'accept-encoding' => 'gzip, deflate, br',
  'accept' => 'text/html,application/xhtml+xml,application/xml;q=0.9,image/webp,image/apng,*/*;q=0.8',
  'user-agent' => 'Mozilla/5.0 (Windows NT 10.0; Win64; x64) AppleWebKit/537.36 (KHTML, like Gecko) Chrome/67.0.3396.79 Safari/537.36',
  'upgrade-insecure-requests' => '1',
  'cache-control' => 'no-cache',
  'pragma' => 'no-cache',
  'connection' => 'keep-alive',
  'host' => '127.0.0.1:7788',
  'content-length' => '',
  'content-type' => '',
)
[ info ] [ PARAM ] array (
)
---------------------------------------------------------------

[2020-05-10T02:03:04+08:00] 127.0.0.1 GET 127.0.0.1:7788/public/sundry/index/cookie
[运行时间：0.040359s] [吞吐率：24.78req/s] [内存消耗：2,427.78kb] [文件加载：93]
[ info ] [ LANG ] C:\#ThinkPhp\thinkphp5\thinkphp\lang\zh-cn.php
[ info ] [ ROUTE ] array (
)
[ info ] [ HEADER ] array (
  'cookie' => 'thinkphp_show_page_trace=1|4; log=0; _ga=GA1.1.1732484588.1573550797; PHPSESSID=iosgif714jtb1q025fph7ast23; sk_test=%E6%B5%8B%E8%AF%95; test_test=Shikong; sk_testForever=Shikong',
  'accept-language' => 'zh-CN,zh;q=0.9',
  'accept-encoding' => 'gzip, deflate, br',
  'accept' => 'text/html,application/xhtml+xml,application/xml;q=0.9,image/webp,image/apng,*/*;q=0.8',
  'user-agent' => 'Mozilla/5.0 (Windows NT 10.0; Win64; x64) AppleWebKit/537.36 (KHTML, like Gecko) Chrome/67.0.3396.79 Safari/537.36',
  'upgrade-insecure-requests' => '1',
  'cache-control' => 'no-cache',
  'pragma' => 'no-cache',
  'connection' => 'keep-alive',
  'host' => '127.0.0.1:7788',
  'content-length' => '',
  'content-type' => '',
)
[ info ] [ PARAM ] array (
)
---------------------------------------------------------------

[2020-05-10T02:03:04+08:00] 127.0.0.1 GET 127.0.0.1:7788/public/sundry/index/cookie
[运行时间：0.037135s] [吞吐率：26.93req/s] [内存消耗：2,427.78kb] [文件加载：93]
[ info ] [ LANG ] C:\#ThinkPhp\thinkphp5\thinkphp\lang\zh-cn.php
[ info ] [ ROUTE ] array (
)
[ info ] [ HEADER ] array (
  'cookie' => 'thinkphp_show_page_trace=1|4; log=0; _ga=GA1.1.1732484588.1573550797; PHPSESSID=iosgif714jtb1q025fph7ast23; sk_test=%E6%B5%8B%E8%AF%95; test_test=Shikong; sk_testForever=Shikong',
  'accept-language' => 'zh-CN,zh;q=0.9',
  'accept-encoding' => 'gzip, deflate, br',
  'accept' => 'text/html,application/xhtml+xml,application/xml;q=0.9,image/webp,image/apng,*/*;q=0.8',
  'user-agent' => 'Mozilla/5.0 (Windows NT 10.0; Win64; x64) AppleWebKit/537.36 (KHTML, like Gecko) Chrome/67.0.3396.79 Safari/537.36',
  'upgrade-insecure-requests' => '1',
  'cache-control' => 'no-cache',
  'pragma' => 'no-cache',
  'connection' => 'keep-alive',
  'host' => '127.0.0.1:7788',
  'content-length' => '',
  'content-type' => '',
)
[ info ] [ PARAM ] array (
)
---------------------------------------------------------------

[2020-05-10T02:03:56+08:00] 127.0.0.1 GET 127.0.0.1:7788/public/sundry/index/cookie
[运行时间：0.043076s] [吞吐率：23.21req/s] [内存消耗：2,428.72kb] [文件加载：93]
[ info ] [ LANG ] C:\#ThinkPhp\thinkphp5\thinkphp\lang\zh-cn.php
[ info ] [ ROUTE ] array (
)
[ info ] [ HEADER ] array (
  'cookie' => 'thinkphp_show_page_trace=1|4; log=0; _ga=GA1.1.1732484588.1573550797; PHPSESSID=iosgif714jtb1q025fph7ast23; sk_test=%E6%B5%8B%E8%AF%95; test_test=Shikong; sk_testForever=Shikong',
  'accept-language' => 'zh-CN,zh;q=0.9',
  'accept-encoding' => 'gzip, deflate, br',
  'accept' => 'text/html,application/xhtml+xml,application/xml;q=0.9,image/webp,image/apng,*/*;q=0.8',
  'user-agent' => 'Mozilla/5.0 (Windows NT 10.0; Win64; x64) AppleWebKit/537.36 (KHTML, like Gecko) Chrome/67.0.3396.79 Safari/537.36',
  'upgrade-insecure-requests' => '1',
  'cache-control' => 'no-cache',
  'pragma' => 'no-cache',
  'connection' => 'keep-alive',
  'host' => '127.0.0.1:7788',
  'content-length' => '',
  'content-type' => '',
)
[ info ] [ PARAM ] array (
)
---------------------------------------------------------------

[2020-05-10T02:03:59+08:00] 127.0.0.1 GET 127.0.0.1:7788/public/sundry/index/cookie
[运行时间：0.037371s] [吞吐率：26.76req/s] [内存消耗：2,428.71kb] [文件加载：93]
[ info ] [ LANG ] C:\#ThinkPhp\thinkphp5\thinkphp\lang\zh-cn.php
[ info ] [ ROUTE ] array (
)
[ info ] [ HEADER ] array (
  'cookie' => 'thinkphp_show_page_trace=1|4; log=0; _ga=GA1.1.1732484588.1573550797; PHPSESSID=iosgif714jtb1q025fph7ast23; sk_test=%E6%B5%8B%E8%AF%95; test_test=Shikong; sk_testForever=Shikong; test_testOption=Shikong',
  'accept-language' => 'zh-CN,zh;q=0.9',
  'accept-encoding' => 'gzip, deflate, br',
  'accept' => 'text/html,application/xhtml+xml,application/xml;q=0.9,image/webp,image/apng,*/*;q=0.8',
  'user-agent' => 'Mozilla/5.0 (Windows NT 10.0; Win64; x64) AppleWebKit/537.36 (KHTML, like Gecko) Chrome/67.0.3396.79 Safari/537.36',
  'upgrade-insecure-requests' => '1',
  'cache-control' => 'no-cache',
  'pragma' => 'no-cache',
  'connection' => 'keep-alive',
  'host' => '127.0.0.1:7788',
  'content-length' => '',
  'content-type' => '',
)
[ info ] [ PARAM ] array (
)
---------------------------------------------------------------

[2020-05-10T02:03:59+08:00] 127.0.0.1 GET 127.0.0.1:7788/public/sundry/index/cookie
[运行时间：0.035249s] [吞吐率：28.37req/s] [内存消耗：2,428.71kb] [文件加载：93]
[ info ] [ LANG ] C:\#ThinkPhp\thinkphp5\thinkphp\lang\zh-cn.php
[ info ] [ ROUTE ] array (
)
[ info ] [ HEADER ] array (
  'cookie' => 'thinkphp_show_page_trace=1|4; log=0; _ga=GA1.1.1732484588.1573550797; PHPSESSID=iosgif714jtb1q025fph7ast23; sk_test=%E6%B5%8B%E8%AF%95; test_test=Shikong; sk_testForever=Shikong; test_testOption=Shikong',
  'accept-language' => 'zh-CN,zh;q=0.9',
  'accept-encoding' => 'gzip, deflate, br',
  'accept' => 'text/html,application/xhtml+xml,application/xml;q=0.9,image/webp,image/apng,*/*;q=0.8',
  'user-agent' => 'Mozilla/5.0 (Windows NT 10.0; Win64; x64) AppleWebKit/537.36 (KHTML, like Gecko) Chrome/67.0.3396.79 Safari/537.36',
  'upgrade-insecure-requests' => '1',
  'cache-control' => 'no-cache',
  'pragma' => 'no-cache',
  'connection' => 'keep-alive',
  'host' => '127.0.0.1:7788',
  'content-length' => '',
  'content-type' => '',
)
[ info ] [ PARAM ] array (
)
---------------------------------------------------------------

[2020-05-10T02:03:59+08:00] 127.0.0.1 GET 127.0.0.1:7788/public/sundry/index/cookie
[运行时间：0.037464s] [吞吐率：26.69req/s] [内存消耗：2,428.71kb] [文件加载：93]
[ info ] [ LANG ] C:\#ThinkPhp\thinkphp5\thinkphp\lang\zh-cn.php
[ info ] [ ROUTE ] array (
)
[ info ] [ HEADER ] array (
  'cookie' => 'thinkphp_show_page_trace=1|4; log=0; _ga=GA1.1.1732484588.1573550797; PHPSESSID=iosgif714jtb1q025fph7ast23; sk_test=%E6%B5%8B%E8%AF%95; test_test=Shikong; sk_testForever=Shikong; test_testOption=Shikong',
  'accept-language' => 'zh-CN,zh;q=0.9',
  'accept-encoding' => 'gzip, deflate, br',
  'accept' => 'text/html,application/xhtml+xml,application/xml;q=0.9,image/webp,image/apng,*/*;q=0.8',
  'user-agent' => 'Mozilla/5.0 (Windows NT 10.0; Win64; x64) AppleWebKit/537.36 (KHTML, like Gecko) Chrome/67.0.3396.79 Safari/537.36',
  'upgrade-insecure-requests' => '1',
  'cache-control' => 'no-cache',
  'pragma' => 'no-cache',
  'connection' => 'keep-alive',
  'host' => '127.0.0.1:7788',
  'content-length' => '',
  'content-type' => '',
)
[ info ] [ PARAM ] array (
)
---------------------------------------------------------------

[2020-05-10T02:04:09+08:00] 127.0.0.1 GET 127.0.0.1:7788/public/sundry/index/cookie
[运行时间：0.039487s] [吞吐率：25.32req/s] [内存消耗：2,428.71kb] [文件加载：93]
[ info ] [ LANG ] C:\#ThinkPhp\thinkphp5\thinkphp\lang\zh-cn.php
[ info ] [ ROUTE ] array (
)
[ info ] [ HEADER ] array (
  'cookie' => 'thinkphp_show_page_trace=1|4; log=0; _ga=GA1.1.1732484588.1573550797; PHPSESSID=iosgif714jtb1q025fph7ast23; sk_test=%E6%B5%8B%E8%AF%95; test_test=Shikong; sk_testForever=Shikong; test_testOption=Shikong',
  'accept-language' => 'zh-CN,zh;q=0.9',
  'accept-encoding' => 'gzip, deflate, br',
  'accept' => 'text/html,application/xhtml+xml,application/xml;q=0.9,image/webp,image/apng,*/*;q=0.8',
  'user-agent' => 'Mozilla/5.0 (Windows NT 10.0; Win64; x64) AppleWebKit/537.36 (KHTML, like Gecko) Chrome/67.0.3396.79 Safari/537.36',
  'upgrade-insecure-requests' => '1',
  'cache-control' => 'no-cache',
  'pragma' => 'no-cache',
  'connection' => 'keep-alive',
  'host' => '127.0.0.1:7788',
  'content-length' => '',
  'content-type' => '',
)
[ info ] [ PARAM ] array (
)
---------------------------------------------------------------

[2020-05-10T02:04:35+08:00] 127.0.0.1 GET 127.0.0.1:7788/public/sundry/index/cookie
[运行时间：0.071732s] [吞吐率：13.94req/s] [内存消耗：2,428.99kb] [文件加载：93]
[ info ] [ LANG ] C:\#ThinkPhp\thinkphp5\thinkphp\lang\zh-cn.php
[ info ] [ ROUTE ] array (
)
[ info ] [ HEADER ] array (
  'cookie' => 'thinkphp_show_page_trace=1|4; log=0; _ga=GA1.1.1732484588.1573550797; PHPSESSID=iosgif714jtb1q025fph7ast23; sk_test=%E6%B5%8B%E8%AF%95; test_test=Shikong; sk_testForever=Shikong; test_testOption=Shikong',
  'accept-language' => 'zh-CN,zh;q=0.9',
  'accept-encoding' => 'gzip, deflate, br',
  'accept' => 'text/html,application/xhtml+xml,application/xml;q=0.9,image/webp,image/apng,*/*;q=0.8',
  'user-agent' => 'Mozilla/5.0 (Windows NT 10.0; Win64; x64) AppleWebKit/537.36 (KHTML, like Gecko) Chrome/67.0.3396.79 Safari/537.36',
  'upgrade-insecure-requests' => '1',
  'cache-control' => 'no-cache',
  'pragma' => 'no-cache',
  'connection' => 'keep-alive',
  'host' => '127.0.0.1:7788',
  'content-length' => '',
  'content-type' => '',
)
[ info ] [ PARAM ] array (
)
---------------------------------------------------------------

[2020-05-10T02:05:38+08:00] 127.0.0.1 GET 127.0.0.1:7788/public/sundry/index/cookie
[运行时间：0.039613s] [吞吐率：25.24req/s] [内存消耗：2,430.73kb] [文件加载：93]
[ info ] [ LANG ] C:\#ThinkPhp\thinkphp5\thinkphp\lang\zh-cn.php
[ info ] [ ROUTE ] array (
)
[ info ] [ HEADER ] array (
  'cookie' => 'thinkphp_show_page_trace=1|4; log=0; _ga=GA1.1.1732484588.1573550797; PHPSESSID=iosgif714jtb1q025fph7ast23; sk_test=%E6%B5%8B%E8%AF%95; test_test=Shikong; sk_testForever=Shikong; test_testOption=Shikong',
  'accept-language' => 'zh-CN,zh;q=0.9',
  'accept-encoding' => 'gzip, deflate, br',
  'accept' => 'text/html,application/xhtml+xml,application/xml;q=0.9,image/webp,image/apng,*/*;q=0.8',
  'user-agent' => 'Mozilla/5.0 (Windows NT 10.0; Win64; x64) AppleWebKit/537.36 (KHTML, like Gecko) Chrome/67.0.3396.79 Safari/537.36',
  'upgrade-insecure-requests' => '1',
  'cache-control' => 'no-cache',
  'pragma' => 'no-cache',
  'connection' => 'keep-alive',
  'host' => '127.0.0.1:7788',
  'content-length' => '',
  'content-type' => '',
)
[ info ] [ PARAM ] array (
)
---------------------------------------------------------------

[2020-05-10T02:06:53+08:00] 127.0.0.1 GET 127.0.0.1:7788/public/sundry/index/cookie
[运行时间：0.047580s] [吞吐率：21.02req/s] [内存消耗：2,431.39kb] [文件加载：93]
[ info ] [ LANG ] C:\#ThinkPhp\thinkphp5\thinkphp\lang\zh-cn.php
[ info ] [ ROUTE ] array (
)
[ info ] [ HEADER ] array (
  'cookie' => 'thinkphp_show_page_trace=1|4; log=0; _ga=GA1.1.1732484588.1573550797; PHPSESSID=iosgif714jtb1q025fph7ast23; sk_test=%E6%B5%8B%E8%AF%95; test_test=Shikong; sk_testForever=Shikong; test_testOption=Shikong; sk_testArr=think%3A%5B%221%22%2C%222%22%2C%223%22%5D',
  'accept-language' => 'zh-CN,zh;q=0.9',
  'accept-encoding' => 'gzip, deflate, br',
  'accept' => 'text/html,application/xhtml+xml,application/xml;q=0.9,image/webp,image/apng,*/*;q=0.8',
  'user-agent' => 'Mozilla/5.0 (Windows NT 10.0; Win64; x64) AppleWebKit/537.36 (KHTML, like Gecko) Chrome/67.0.3396.79 Safari/537.36',
  'upgrade-insecure-requests' => '1',
  'cache-control' => 'no-cache',
  'pragma' => 'no-cache',
  'connection' => 'keep-alive',
  'host' => '127.0.0.1:7788',
  'content-length' => '',
  'content-type' => '',
)
[ info ] [ PARAM ] array (
)
---------------------------------------------------------------

[2020-05-10T02:07:06+08:00] 127.0.0.1 GET 127.0.0.1:7788/public/sundry/index/cookie
[运行时间：0.034000s] [吞吐率：29.41req/s] [内存消耗：2,431.33kb] [文件加载：93]
[ info ] [ LANG ] C:\#ThinkPhp\thinkphp5\thinkphp\lang\zh-cn.php
[ info ] [ ROUTE ] array (
)
[ info ] [ HEADER ] array (
  'cookie' => 'thinkphp_show_page_trace=1|4; log=0; _ga=GA1.1.1732484588.1573550797; PHPSESSID=iosgif714jtb1q025fph7ast23; test_test=Shikong; sk_testForever=Shikong; test_testOption=Shikong; sk_testArr=think%3A%5B%221%22%2C%222%22%2C%223%22%5D',
  'accept-language' => 'zh-CN,zh;q=0.9',
  'accept-encoding' => 'gzip, deflate, br',
  'accept' => 'text/html,application/xhtml+xml,application/xml;q=0.9,image/webp,image/apng,*/*;q=0.8',
  'user-agent' => 'Mozilla/5.0 (Windows NT 10.0; Win64; x64) AppleWebKit/537.36 (KHTML, like Gecko) Chrome/67.0.3396.79 Safari/537.36',
  'upgrade-insecure-requests' => '1',
  'cache-control' => 'no-cache',
  'pragma' => 'no-cache',
  'connection' => 'keep-alive',
  'host' => '127.0.0.1:7788',
  'content-length' => '',
  'content-type' => '',
)
[ info ] [ PARAM ] array (
)
---------------------------------------------------------------

[2020-05-10T02:07:24+08:00] 127.0.0.1 GET 127.0.0.1:7788/public/sundry/index/cookie
[运行时间：0.037296s] [吞吐率：26.81req/s] [内存消耗：2,431.33kb] [文件加载：93]
[ info ] [ LANG ] C:\#ThinkPhp\thinkphp5\thinkphp\lang\zh-cn.php
[ info ] [ ROUTE ] array (
)
[ info ] [ HEADER ] array (
  'cookie' => 'thinkphp_show_page_trace=1|4; log=0; _ga=GA1.1.1732484588.1573550797; PHPSESSID=iosgif714jtb1q025fph7ast23; test_test=Shikong; sk_testForever=Shikong; test_testOption=Shikong; sk_testArr=think%3A%5B%221%22%2C%222%22%2C%223%22%5D',
  'accept-language' => 'zh-CN,zh;q=0.9',
  'accept-encoding' => 'gzip, deflate, br',
  'accept' => 'text/html,application/xhtml+xml,application/xml;q=0.9,image/webp,image/apng,*/*;q=0.8',
  'user-agent' => 'Mozilla/5.0 (Windows NT 10.0; Win64; x64) AppleWebKit/537.36 (KHTML, like Gecko) Chrome/67.0.3396.79 Safari/537.36',
  'upgrade-insecure-requests' => '1',
  'cache-control' => 'no-cache',
  'pragma' => 'no-cache',
  'connection' => 'keep-alive',
  'host' => '127.0.0.1:7788',
  'content-length' => '',
  'content-type' => '',
)
[ info ] [ PARAM ] array (
)
---------------------------------------------------------------

[2020-05-10T02:07:24+08:00] 127.0.0.1 GET 127.0.0.1:7788/public/sundry/index/cookie
[运行时间：0.040549s] [吞吐率：24.66req/s] [内存消耗：2,431.33kb] [文件加载：93]
[ info ] [ LANG ] C:\#ThinkPhp\thinkphp5\thinkphp\lang\zh-cn.php
[ info ] [ ROUTE ] array (
)
[ info ] [ HEADER ] array (
  'cookie' => 'thinkphp_show_page_trace=1|4; log=0; _ga=GA1.1.1732484588.1573550797; PHPSESSID=iosgif714jtb1q025fph7ast23; test_test=Shikong; sk_testForever=Shikong; test_testOption=Shikong; sk_testArr=think%3A%5B%221%22%2C%222%22%2C%223%22%5D',
  'accept-language' => 'zh-CN,zh;q=0.9',
  'accept-encoding' => 'gzip, deflate, br',
  'accept' => 'text/html,application/xhtml+xml,application/xml;q=0.9,image/webp,image/apng,*/*;q=0.8',
  'user-agent' => 'Mozilla/5.0 (Windows NT 10.0; Win64; x64) AppleWebKit/537.36 (KHTML, like Gecko) Chrome/67.0.3396.79 Safari/537.36',
  'upgrade-insecure-requests' => '1',
  'cache-control' => 'no-cache',
  'pragma' => 'no-cache',
  'connection' => 'keep-alive',
  'host' => '127.0.0.1:7788',
  'content-length' => '',
  'content-type' => '',
)
[ info ] [ PARAM ] array (
)
---------------------------------------------------------------

[2020-05-10T02:07:25+08:00] 127.0.0.1 GET 127.0.0.1:7788/public/sundry/index/cookie
[运行时间：0.037739s] [吞吐率：26.50req/s] [内存消耗：2,431.33kb] [文件加载：93]
[ info ] [ LANG ] C:\#ThinkPhp\thinkphp5\thinkphp\lang\zh-cn.php
[ info ] [ ROUTE ] array (
)
[ info ] [ HEADER ] array (
  'cookie' => 'thinkphp_show_page_trace=1|4; log=0; _ga=GA1.1.1732484588.1573550797; PHPSESSID=iosgif714jtb1q025fph7ast23; test_test=Shikong; sk_testForever=Shikong; test_testOption=Shikong; sk_testArr=think%3A%5B%221%22%2C%222%22%2C%223%22%5D',
  'accept-language' => 'zh-CN,zh;q=0.9',
  'accept-encoding' => 'gzip, deflate, br',
  'accept' => 'text/html,application/xhtml+xml,application/xml;q=0.9,image/webp,image/apng,*/*;q=0.8',
  'user-agent' => 'Mozilla/5.0 (Windows NT 10.0; Win64; x64) AppleWebKit/537.36 (KHTML, like Gecko) Chrome/67.0.3396.79 Safari/537.36',
  'upgrade-insecure-requests' => '1',
  'cache-control' => 'no-cache',
  'pragma' => 'no-cache',
  'connection' => 'keep-alive',
  'host' => '127.0.0.1:7788',
  'content-length' => '',
  'content-type' => '',
)
[ info ] [ PARAM ] array (
)
---------------------------------------------------------------

[2020-05-10T02:07:25+08:00] 127.0.0.1 GET 127.0.0.1:7788/public/sundry/index/cookie
[运行时间：0.035895s] [吞吐率：27.86req/s] [内存消耗：2,431.33kb] [文件加载：93]
[ info ] [ LANG ] C:\#ThinkPhp\thinkphp5\thinkphp\lang\zh-cn.php
[ info ] [ ROUTE ] array (
)
[ info ] [ HEADER ] array (
  'cookie' => 'thinkphp_show_page_trace=1|4; log=0; _ga=GA1.1.1732484588.1573550797; PHPSESSID=iosgif714jtb1q025fph7ast23; test_test=Shikong; sk_testForever=Shikong; test_testOption=Shikong; sk_testArr=think%3A%5B%221%22%2C%222%22%2C%223%22%5D',
  'accept-language' => 'zh-CN,zh;q=0.9',
  'accept-encoding' => 'gzip, deflate, br',
  'accept' => 'text/html,application/xhtml+xml,application/xml;q=0.9,image/webp,image/apng,*/*;q=0.8',
  'user-agent' => 'Mozilla/5.0 (Windows NT 10.0; Win64; x64) AppleWebKit/537.36 (KHTML, like Gecko) Chrome/67.0.3396.79 Safari/537.36',
  'upgrade-insecure-requests' => '1',
  'cache-control' => 'no-cache',
  'pragma' => 'no-cache',
  'connection' => 'keep-alive',
  'host' => '127.0.0.1:7788',
  'content-length' => '',
  'content-type' => '',
)
[ info ] [ PARAM ] array (
)
---------------------------------------------------------------

[2020-05-10T02:07:25+08:00] 127.0.0.1 GET 127.0.0.1:7788/public/sundry/index/cookie
[运行时间：0.035150s] [吞吐率：28.45req/s] [内存消耗：2,431.33kb] [文件加载：93]
[ info ] [ LANG ] C:\#ThinkPhp\thinkphp5\thinkphp\lang\zh-cn.php
[ info ] [ ROUTE ] array (
)
[ info ] [ HEADER ] array (
  'cookie' => 'thinkphp_show_page_trace=1|4; log=0; _ga=GA1.1.1732484588.1573550797; PHPSESSID=iosgif714jtb1q025fph7ast23; test_test=Shikong; sk_testForever=Shikong; test_testOption=Shikong; sk_testArr=think%3A%5B%221%22%2C%222%22%2C%223%22%5D',
  'accept-language' => 'zh-CN,zh;q=0.9',
  'accept-encoding' => 'gzip, deflate, br',
  'accept' => 'text/html,application/xhtml+xml,application/xml;q=0.9,image/webp,image/apng,*/*;q=0.8',
  'user-agent' => 'Mozilla/5.0 (Windows NT 10.0; Win64; x64) AppleWebKit/537.36 (KHTML, like Gecko) Chrome/67.0.3396.79 Safari/537.36',
  'upgrade-insecure-requests' => '1',
  'cache-control' => 'no-cache',
  'pragma' => 'no-cache',
  'connection' => 'keep-alive',
  'host' => '127.0.0.1:7788',
  'content-length' => '',
  'content-type' => '',
)
[ info ] [ PARAM ] array (
)
---------------------------------------------------------------

[2020-05-10T02:07:25+08:00] 127.0.0.1 GET 127.0.0.1:7788/public/sundry/index/cookie
[运行时间：0.037350s] [吞吐率：26.77req/s] [内存消耗：2,431.33kb] [文件加载：93]
[ info ] [ LANG ] C:\#ThinkPhp\thinkphp5\thinkphp\lang\zh-cn.php
[ info ] [ ROUTE ] array (
)
[ info ] [ HEADER ] array (
  'cookie' => 'thinkphp_show_page_trace=1|4; log=0; _ga=GA1.1.1732484588.1573550797; PHPSESSID=iosgif714jtb1q025fph7ast23; test_test=Shikong; sk_testForever=Shikong; test_testOption=Shikong; sk_testArr=think%3A%5B%221%22%2C%222%22%2C%223%22%5D',
  'accept-language' => 'zh-CN,zh;q=0.9',
  'accept-encoding' => 'gzip, deflate, br',
  'accept' => 'text/html,application/xhtml+xml,application/xml;q=0.9,image/webp,image/apng,*/*;q=0.8',
  'user-agent' => 'Mozilla/5.0 (Windows NT 10.0; Win64; x64) AppleWebKit/537.36 (KHTML, like Gecko) Chrome/67.0.3396.79 Safari/537.36',
  'upgrade-insecure-requests' => '1',
  'cache-control' => 'no-cache',
  'pragma' => 'no-cache',
  'connection' => 'keep-alive',
  'host' => '127.0.0.1:7788',
  'content-length' => '',
  'content-type' => '',
)
[ info ] [ PARAM ] array (
)
---------------------------------------------------------------

[2020-05-10T02:07:25+08:00] 127.0.0.1 GET 127.0.0.1:7788/public/sundry/index/cookie
[运行时间：0.036610s] [吞吐率：27.31req/s] [内存消耗：2,431.33kb] [文件加载：93]
[ info ] [ LANG ] C:\#ThinkPhp\thinkphp5\thinkphp\lang\zh-cn.php
[ info ] [ ROUTE ] array (
)
[ info ] [ HEADER ] array (
  'cookie' => 'thinkphp_show_page_trace=1|4; log=0; _ga=GA1.1.1732484588.1573550797; PHPSESSID=iosgif714jtb1q025fph7ast23; test_test=Shikong; sk_testForever=Shikong; test_testOption=Shikong; sk_testArr=think%3A%5B%221%22%2C%222%22%2C%223%22%5D',
  'accept-language' => 'zh-CN,zh;q=0.9',
  'accept-encoding' => 'gzip, deflate, br',
  'accept' => 'text/html,application/xhtml+xml,application/xml;q=0.9,image/webp,image/apng,*/*;q=0.8',
  'user-agent' => 'Mozilla/5.0 (Windows NT 10.0; Win64; x64) AppleWebKit/537.36 (KHTML, like Gecko) Chrome/67.0.3396.79 Safari/537.36',
  'upgrade-insecure-requests' => '1',
  'cache-control' => 'no-cache',
  'pragma' => 'no-cache',
  'connection' => 'keep-alive',
  'host' => '127.0.0.1:7788',
  'content-length' => '',
  'content-type' => '',
)
[ info ] [ PARAM ] array (
)
---------------------------------------------------------------

[2020-05-10T02:08:09+08:00] 127.0.0.1 GET 127.0.0.1:7788/public/sundry/index/cookie
[运行时间：0.036623s] [吞吐率：27.31req/s] [内存消耗：2,432.33kb] [文件加载：93]
[ info ] [ LANG ] C:\#ThinkPhp\thinkphp5\thinkphp\lang\zh-cn.php
[ info ] [ ROUTE ] array (
)
[ info ] [ HEADER ] array (
  'cookie' => 'thinkphp_show_page_trace=1|4; log=0; _ga=GA1.1.1732484588.1573550797; PHPSESSID=iosgif714jtb1q025fph7ast23; test_test=Shikong; sk_testForever=Shikong; test_testOption=Shikong; sk_testArr=think%3A%5B%221%22%2C%222%22%2C%223%22%5D',
  'accept-language' => 'zh-CN,zh;q=0.9',
  'accept-encoding' => 'gzip, deflate, br',
  'accept' => 'text/html,application/xhtml+xml,application/xml;q=0.9,image/webp,image/apng,*/*;q=0.8',
  'user-agent' => 'Mozilla/5.0 (Windows NT 10.0; Win64; x64) AppleWebKit/537.36 (KHTML, like Gecko) Chrome/67.0.3396.79 Safari/537.36',
  'upgrade-insecure-requests' => '1',
  'cache-control' => 'no-cache',
  'pragma' => 'no-cache',
  'connection' => 'keep-alive',
  'host' => '127.0.0.1:7788',
  'content-length' => '',
  'content-type' => '',
)
[ info ] [ PARAM ] array (
)
---------------------------------------------------------------

[2020-05-10T02:08:15+08:00] 127.0.0.1 GET 127.0.0.1:7788/public/sundry/index/cookie
[运行时间：0.048415s] [吞吐率：20.65req/s] [内存消耗：2,432.33kb] [文件加载：93]
[ info ] [ LANG ] C:\#ThinkPhp\thinkphp5\thinkphp\lang\zh-cn.php
[ info ] [ ROUTE ] array (
)
[ info ] [ HEADER ] array (
  'cookie' => 'thinkphp_show_page_trace=1|4; log=0; _ga=GA1.1.1732484588.1573550797; PHPSESSID=iosgif714jtb1q025fph7ast23; test_test=Shikong; sk_testForever=Shikong; test_testOption=Shikong; sk_testArr=think%3A%5B%221%22%2C%222%22%2C%223%22%5D',
  'accept-language' => 'zh-CN,zh;q=0.9',
  'accept-encoding' => 'gzip, deflate, br',
  'accept' => 'text/html,application/xhtml+xml,application/xml;q=0.9,image/webp,image/apng,*/*;q=0.8',
  'user-agent' => 'Mozilla/5.0 (Windows NT 10.0; Win64; x64) AppleWebKit/537.36 (KHTML, like Gecko) Chrome/67.0.3396.79 Safari/537.36',
  'upgrade-insecure-requests' => '1',
  'cache-control' => 'no-cache',
  'pragma' => 'no-cache',
  'connection' => 'keep-alive',
  'host' => '127.0.0.1:7788',
  'content-length' => '',
  'content-type' => '',
)
[ info ] [ PARAM ] array (
)
---------------------------------------------------------------

[2020-05-10T02:08:16+08:00] 127.0.0.1 GET 127.0.0.1:7788/public/sundry/index/cookie
[运行时间：0.035367s] [吞吐率：28.27req/s] [内存消耗：2,432.33kb] [文件加载：93]
[ info ] [ LANG ] C:\#ThinkPhp\thinkphp5\thinkphp\lang\zh-cn.php
[ info ] [ ROUTE ] array (
)
[ info ] [ HEADER ] array (
  'cookie' => 'thinkphp_show_page_trace=1|4; log=0; _ga=GA1.1.1732484588.1573550797; PHPSESSID=iosgif714jtb1q025fph7ast23; test_test=Shikong; sk_testForever=Shikong; test_testOption=Shikong; sk_testArr=think%3A%5B%221%22%2C%222%22%2C%223%22%5D',
  'accept-language' => 'zh-CN,zh;q=0.9',
  'accept-encoding' => 'gzip, deflate, br',
  'accept' => 'text/html,application/xhtml+xml,application/xml;q=0.9,image/webp,image/apng,*/*;q=0.8',
  'user-agent' => 'Mozilla/5.0 (Windows NT 10.0; Win64; x64) AppleWebKit/537.36 (KHTML, like Gecko) Chrome/67.0.3396.79 Safari/537.36',
  'upgrade-insecure-requests' => '1',
  'cache-control' => 'no-cache',
  'pragma' => 'no-cache',
  'connection' => 'keep-alive',
  'host' => '127.0.0.1:7788',
  'content-length' => '',
  'content-type' => '',
)
[ info ] [ PARAM ] array (
)
---------------------------------------------------------------

[2020-05-10T02:08:24+08:00] 127.0.0.1 GET 127.0.0.1:7788/public/sundry/index/cookie
[运行时间：0.040863s] [吞吐率：24.47req/s] [内存消耗：2,432.55kb] [文件加载：93]
[ info ] [ LANG ] C:\#ThinkPhp\thinkphp5\thinkphp\lang\zh-cn.php
[ info ] [ ROUTE ] array (
)
[ info ] [ HEADER ] array (
  'cookie' => 'thinkphp_show_page_trace=1|4; log=0; _ga=GA1.1.1732484588.1573550797; PHPSESSID=iosgif714jtb1q025fph7ast23; test_test=Shikong; sk_testForever=Shikong; test_testOption=Shikong; sk_testArr=think%3A%5B%221%22%2C%222%22%2C%223%22%5D',
  'accept-language' => 'zh-CN,zh;q=0.9',
  'accept-encoding' => 'gzip, deflate, br',
  'accept' => 'text/html,application/xhtml+xml,application/xml;q=0.9,image/webp,image/apng,*/*;q=0.8',
  'user-agent' => 'Mozilla/5.0 (Windows NT 10.0; Win64; x64) AppleWebKit/537.36 (KHTML, like Gecko) Chrome/67.0.3396.79 Safari/537.36',
  'upgrade-insecure-requests' => '1',
  'cache-control' => 'no-cache',
  'pragma' => 'no-cache',
  'connection' => 'keep-alive',
  'host' => '127.0.0.1:7788',
  'content-length' => '',
  'content-type' => '',
)
[ info ] [ PARAM ] array (
)
---------------------------------------------------------------

[2020-05-10T02:08:35+08:00] 127.0.0.1 GET 127.0.0.1:7788/public/sundry/index/cookie
[运行时间：0.037832s] [吞吐率：26.43req/s] [内存消耗：2,431.93kb] [文件加载：93]
[ info ] [ LANG ] C:\#ThinkPhp\thinkphp5\thinkphp\lang\zh-cn.php
[ info ] [ ROUTE ] array (
)
[ info ] [ HEADER ] array (
  'cookie' => 'thinkphp_show_page_trace=1|4; log=0; _ga=GA1.1.1732484588.1573550797; PHPSESSID=iosgif714jtb1q025fph7ast23; test_test=Shikong; test_testOption=Shikong',
  'accept-language' => 'zh-CN,zh;q=0.9',
  'accept-encoding' => 'gzip, deflate, br',
  'accept' => 'text/html,application/xhtml+xml,application/xml;q=0.9,image/webp,image/apng,*/*;q=0.8',
  'user-agent' => 'Mozilla/5.0 (Windows NT 10.0; Win64; x64) AppleWebKit/537.36 (KHTML, like Gecko) Chrome/67.0.3396.79 Safari/537.36',
  'upgrade-insecure-requests' => '1',
  'cache-control' => 'no-cache',
  'pragma' => 'no-cache',
  'connection' => 'keep-alive',
  'host' => '127.0.0.1:7788',
  'content-length' => '',
  'content-type' => '',
)
[ info ] [ PARAM ] array (
)
